#
# A fatal error has been detected by the Java Runtime Environment:
#
#  SIGSEGV (0xb) at pc=0x00007f75edf8bc18, pid=3756, tid=3782
#
# JRE version: OpenJDK Runtime Environment (11.0.11+9) (build 11.0.11+9-Ubuntu-0ubuntu2.20.04)
# Java VM: OpenJDK 64-Bit Server VM (11.0.11+9-Ubuntu-0ubuntu2.20.04, mixed mode, sharing, tiered, compressed oops, parallel gc, linux-amd64)
# Problematic frame:
# V  [libjvm.so+0x681c18]
#
# Core dump will be written. Default location: Core dumps may be processed with "/usr/share/apport/apport %p %s %c %d %P %E" (or dumping to /home/ruddypazd/Documents/GitHub/CalisteniaBolivia/server/core.3756)
#
# If you would like to submit a bug report, please visit:
#   https://bugs.launchpad.net/ubuntu/+source/openjdk-lts
#

---------------  S U M M A R Y ------------

Command Line: --add-modules=ALL-SYSTEM --add-opens=java.base/java.util=ALL-UNNAMED --add-opens=java.base/java.lang=ALL-UNNAMED -Declipse.application=org.eclipse.jdt.ls.core.id1 -Dosgi.bundles.defaultStartLevel=4 -Declipse.product=org.eclipse.jdt.ls.core.product -Dfile.encoding=utf8 -XX:+UseParallelGC -XX:GCTimeRatio=4 -XX:AdaptiveSizePolicyWeight=90 -Dsun.zip.disableMemoryMapping=true -Xmx1G -Xms100m -Xverify:none /home/ruddypazd/.vscode/extensions/redhat.java-0.82.0/server/plugins/org.eclipse.equinox.launcher_1.6.300.v20210813-1054.jar -configuration /home/ruddypazd/.config/Code/User/globalStorage/redhat.java/0.82.0/config_linux -data /home/ruddypazd/.config/Code/User/workspaceStorage/08cea043054e82d152905843561eee78/redhat.java/jdt_ws

Host: Intel(R) Pentium(R) CPU G4560 @ 3.50GHz, 4 cores, 19G, Ubuntu 20.04.3 LTS
Time: Thu Sep 30 20:18:55 2021 -04 elapsed time: 156646.644902 seconds (1d 19h 30m 46s)

---------------  T H R E A D  ---------------

Current thread (0x00007f75e8172000):  JavaThread "Sweeper thread" daemon [_thread_in_vm, id=3782, stack(0x00007f75c8615000,0x00007f75c8716000)]

Stack: [0x00007f75c8615000,0x00007f75c8716000],  sp=0x00007f75c8714a30,  free space=1022k
Native frames: (J=compiled Java code, A=aot compiled Java code, j=interpreted, Vv=VM code, C=native code)
V  [libjvm.so+0x681c18]
V  [libjvm.so+0xb95ef7]
V  [libjvm.so+0xb9d018]
V  [libjvm.so+0xdd6e5d]
V  [libjvm.so+0xdd7564]
V  [libjvm.so+0xdd7c65]
V  [libjvm.so+0xdd7eff]
V  [libjvm.so+0xe2105f]
V  [libjvm.so+0xe1d690]
V  [libjvm.so+0xbdac76]


siginfo: si_signo: 11 (SIGSEGV), si_code: 2 (SEGV_ACCERR), si_addr: 0x00007f758dd3e7f8

Register to memory mapping:

RAX=0x00007f758dd3e7f0 is an unknown value
RBX=0x00007f75c8714a50 is pointing into the stack for thread: 0x00007f75e8172000
RCX=0x00007f75ede37f00: <offset 0x000000000052df00> in /usr/lib/jvm/java-11-openjdk-amd64/lib/server/libjvm.so at 0x00007f75ed90a000
RDX=0x0 is NULL
RSP=0x00007f75c8714a30 is pointing into the stack for thread: 0x00007f75e8172000
RBP=0x00007f75c8714a40 is pointing into the stack for thread: 0x00007f75e8172000
RSI=0x0000000000000018 is an unknown value
RDI=0x00007f75d84a0918 is at entry_point+4856 in (nmethod*)0x00007f75d849f310
R8 =0x00007f75ede37f00: <offset 0x000000000052df00> in /usr/lib/jvm/java-11-openjdk-amd64/lib/server/libjvm.so at 0x00007f75ed90a000
R9 =0x00007f75d84a1891 is at entry_point+8817 in (nmethod*)0x00007f75d849f310
R10=0x0 is NULL
R11=0x0000000000000002 is an unknown value
R12=0x00007f75d849f310 is at entry_point+-784 in (nmethod*)0x00007f75d849f310
R13=0x00007f75e8012120 points into unknown readable memory: 0x0000000000000000 | 00 00 00 00 00 00 00 00
R14=0x00000000e816fe01 is an unallocated location in the heap
R15=0x00007f75d84f4730 is at entry_point+48 in (nmethod*)0x00007f75d84f4410


Registers:
RAX=0x00007f758dd3e7f0, RBX=0x00007f75c8714a50, RCX=0x00007f75ede37f00, RDX=0x0000000000000000
RSP=0x00007f75c8714a30, RBP=0x00007f75c8714a40, RSI=0x0000000000000018, RDI=0x00007f75d84a0918
R8 =0x00007f75ede37f00, R9 =0x00007f75d84a1891, R10=0x0000000000000000, R11=0x0000000000000002
R12=0x00007f75d849f310, R13=0x00007f75e8012120, R14=0x00000000e816fe01, R15=0x00007f75d84f4730
RIP=0x00007f75edf8bc18, EFLAGS=0x0000000000010246, CSGSFS=0x002b000000000033, ERR=0x0000000000000004
  TRAPNO=0x000000000000000e

Top of Stack: (sp=0x00007f75c8714a30)
0x00007f75c8714a30:   00007f75d849f310 00007f75c8714a50
0x00007f75c8714a40:   00007f75c8714aa0 00007f75ee49fef7
0x00007f75c8714a50:   00007f75d849f310 0000000000000000
0x00007f75c8714a60:   00007f75d84a1888 00007f750000000a 

Instructions: (pc=0x00007f75edf8bc18)
0x00007f75edf8bb18:   f8 0a 76 04 31 c0 c3 90 ba fc 03 00 00 48 63 c8
0x00007f75edf8bb28:   0f a3 c2 73 ef 55 48 89 e5 53 48 89 fb 48 83 ec
0x00007f75edf8bb38:   08 48 63 77 24 48 8b 3f 48 85 ff 74 63 48 8b 07
0x00007f75edf8bb48:   4c 8d 05 b1 c3 ea ff 48 8b 90 38 01 00 00 4c 39
0x00007f75edf8bb58:   c2 75 45 85 f6 0f 84 7d 00 00 00 48 8b 80 a8 01
0x00007f75edf8bb68:   00 00 48 8d 15 2f c3 ea ff 48 39 d0 0f 85 ae 00
0x00007f75edf8bb78:   00 00 48 63 87 24 01 00 00 48 8d 44 f0 f8 48 01
0x00007f75edf8bb88:   c7 48 8b 07 48 85 c0 74 2f 48 83 c4 08 5b 5d c3
0x00007f75edf8bb98:   0f 1f 84 00 00 00 00 00 ff d2 eb e8 0f 1f 40 00
0x00007f75edf8bba8:   48 8b 43 08 48 8b b8 c0 00 00 00 48 83 c7 30 e8
0x00007f75edf8bbb8:   94 35 54 00 eb ce 66 90 48 63 4b 20 83 f9 0a 76
0x00007f75edf8bbc8:   09 48 83 c4 08 31 c0 5b 5d c3 b8 fc 03 00 00 0f
0x00007f75edf8bbd8:   a3 c8 73 ed 0f 1f 40 00 b8 fe 07 00 00 0f a3 c8
0x00007f75edf8bbe8:   73 df 48 8d 05 0f a0 b9 00 83 3c 88 01 7e d2 be
0x00007f75edf8bbf8:   01 00 00 00 48 89 df e8 1c fb ff ff 8b 53 20 83
0x00007f75edf8bc08:   fa 07 74 85 83 ea 06 83 e2 fd 75 b5 48 8b 40 08
0x00007f75edf8bc18:   48 8b 40 08 48 8b 40 18 e9 6c ff ff ff 0f 1f 00
0x00007f75edf8bc28:   ff d0 48 89 c7 e9 57 ff ff ff 66 66 2e 0f 1f 84
0x00007f75edf8bc38:   00 00 00 00 00 0f 1f 00 f3 0f 1e fa 8b 4e 20 31
0x00007f75edf8bc48:   c0 39 4f 20 75 3f 8b 17 3b 16 75 39 85 d2 7e 30
0x00007f75edf8bc58:   48 8b 4f 08 48 39 4e 08 75 2b 83 fa 01 74 21 48
0x00007f75edf8bc68:   8b 4e 10 48 39 4f 10 75 1c 83 fa 02 74 12 48 8b
0x00007f75edf8bc78:   46 18 48 39 47 18 0f 94 c0 c3 66 0f 1f 44 00 00
0x00007f75edf8bc88:   b8 01 00 00 00 c3 66 90 f3 0f 1e fa 55 48 89 e5
0x00007f75edf8bc98:   41 57 41 56 49 89 f6 41 55 41 89 d5 41 54 53 48
0x00007f75edf8bca8:   89 fb 48 81 ec a8 03 00 00 84 c9 0f 84 b7 00 00
0x00007f75edf8bcb8:   00 41 89 d1 48 3b 77 10 74 3b 48 63 4f 30 83 f9
0x00007f75edf8bcc8:   01 0f 8e 91 03 00 00 48 8b 47 18 48 85 c0 0f 84
0x00007f75edf8bcd8:   84 03 00 00 48 8d 57 20 eb 16 66 0f 1f 44 00 00
0x00007f75edf8bce8:   48 8b 02 48 83 c2 08 48 85 c0 0f 84 68 03 00 00
0x00007f75edf8bcf8:   49 39 c6 75 eb 45 84 c9 75 56 49 8b 86 80 00 00
0x00007f75edf8bd08:   00 48 85 c0 0f 84 a6 05 00 00 48 89 85 b0 fc ff 


Stack slot to memory mapping:
stack at sp + 0 slots: 0x00007f75d849f310 is at entry_point+-784 in (nmethod*)0x00007f75d849f310
stack at sp + 1 slots: 0x00007f75c8714a50 is pointing into the stack for thread: 0x00007f75e8172000
stack at sp + 2 slots: 0x00007f75c8714aa0 is pointing into the stack for thread: 0x00007f75e8172000
stack at sp + 3 slots: 0x00007f75ee49fef7: <offset 0x0000000000b95ef7> in /usr/lib/jvm/java-11-openjdk-amd64/lib/server/libjvm.so at 0x00007f75ed90a000
stack at sp + 4 slots: 0x00007f75d849f310 is at entry_point+-784 in (nmethod*)0x00007f75d849f310
stack at sp + 5 slots: 0x0 is NULL
stack at sp + 6 slots: 0x00007f75d84a1888 is at entry_point+8808 in (nmethod*)0x00007f75d849f310
stack at sp + 7 slots: 0x00007f750000000a is an unknown value


---------------  P R O C E S S  ---------------

Threads class SMR info:
_java_thread_list=0x00007f75b030ca20, length=33, elements={
0x00007f75e8016000, 0x00007f75e815c800, 0x00007f75e815e800, 0x00007f75e816a000,
0x00007f75e816c000, 0x00007f75e816e000, 0x00007f75e8170000, 0x00007f75e8172000,
0x00007f75e8194000, 0x00007f75e828c800, 0x00007f75e8374800, 0x00007f75e83b3800,
0x00007f75e83b6800, 0x00007f759002f800, 0x00007f759004e800, 0x00007f75904bf000,
0x00007f7590520000, 0x00007f75906c6800, 0x00007f7590866800, 0x00007f75e83bc800,
0x00007f75e845a000, 0x00007f7568017000, 0x00007f75580d6000, 0x00007f75780fa000,
0x00007f7590050800, 0x00007f758c024800, 0x00007f758c02c800, 0x00007f758c0a6000,
0x00007f75a8003000, 0x00007f75a801c800, 0x00007f75a01c9000, 0x00007f75640a3800,
0x00007f75b030c000
}

Java Threads: ( => current thread )
  0x00007f75e8016000 JavaThread "main" [_thread_blocked, id=3761, stack(0x00007f75ed4bd000,0x00007f75ed5be000)]
  0x00007f75e815c800 JavaThread "Reference Handler" daemon [_thread_blocked, id=3767, stack(0x00007f75c99f9000,0x00007f75c9afa000)]
  0x00007f75e815e800 JavaThread "Finalizer" daemon [_thread_blocked, id=3768, stack(0x00007f75c98f8000,0x00007f75c99f9000)]
  0x00007f75e816a000 JavaThread "Signal Dispatcher" daemon [_thread_blocked, id=3774, stack(0x00007f75c8a19000,0x00007f75c8b1a000)]
  0x00007f75e816c000 JavaThread "Service Thread" daemon [_thread_blocked, id=3775, stack(0x00007f75c8918000,0x00007f75c8a19000)]
  0x00007f75e816e000 JavaThread "C2 CompilerThread0" daemon [_thread_in_vm, id=3776, stack(0x00007f75c8817000,0x00007f75c8918000)]
  0x00007f75e8170000 JavaThread "C1 CompilerThread0" daemon [_thread_blocked, id=3777, stack(0x00007f75c8716000,0x00007f75c8817000)]
=>0x00007f75e8172000 JavaThread "Sweeper thread" daemon [_thread_in_vm, id=3782, stack(0x00007f75c8615000,0x00007f75c8716000)]
  0x00007f75e8194000 JavaThread "Common-Cleaner" daemon [_thread_blocked, id=3801, stack(0x00007f75c8514000,0x00007f75c8615000)]
  0x00007f75e828c800 JavaThread "process reaper" daemon [_thread_blocked, id=3862, stack(0x00007f75d0003000,0x00007f75d0025000)]
  0x00007f75e8374800 JavaThread "Active Thread: Equinox Container: 11ff7892-bf7d-4d3e-9188-c44ead60a4c5" [_thread_blocked, id=3890, stack(0x00007f75c8210000,0x00007f75c8311000)]
  0x00007f75e83b3800 JavaThread "Framework Event Dispatcher: Equinox Container: 11ff7892-bf7d-4d3e-9188-c44ead60a4c5" daemon [_thread_blocked, id=3898, stack(0x00007f75c810f000,0x00007f75c8210000)]
  0x00007f75e83b6800 JavaThread "Start Level: Equinox Container: 11ff7892-bf7d-4d3e-9188-c44ead60a4c5" daemon [_thread_blocked, id=3902, stack(0x00007f75c800e000,0x00007f75c810f000)]
  0x00007f759002f800 JavaThread "SCR Component Actor" daemon [_thread_blocked, id=3907, stack(0x00007f758b9e8000,0x00007f758bae9000)]
  0x00007f759004e800 JavaThread "Bundle File Closer" daemon [_thread_blocked, id=3946, stack(0x00007f758b5e6000,0x00007f758b6e7000)]
  0x00007f75904bf000 JavaThread "Worker-JM" [_thread_blocked, id=3958, stack(0x00007f758b2e5000,0x00007f758b3e6000)]
  0x00007f7590520000 JavaThread "Worker-0" [_thread_blocked, id=3961, stack(0x00007f758afe4000,0x00007f758b0e5000)]
  0x00007f75906c6800 JavaThread "Java indexing" daemon [_thread_blocked, id=3986, stack(0x00007f758a8e1000,0x00007f758a9e2000)]
  0x00007f7590866800 JavaThread "logback configurator timer" daemon [_thread_blocked, id=3993, stack(0x00007f758a5e0000,0x00007f758a6e1000)]
  0x00007f75e83bc800 JavaThread "pool-3-thread-1" [_thread_blocked, id=3998, stack(0x00007f75c8311000,0x00007f75c8412000)]
  0x00007f75e845a000 JavaThread "pool-2-thread-1" [_thread_blocked, id=4004, stack(0x00007f758a0df000,0x00007f758a1e0000)]
  0x00007f7568017000 JavaThread "Worker-3" [_thread_blocked, id=4008, stack(0x00007f7589edd000,0x00007f7589fde000)]
  0x00007f75580d6000 JavaThread "ForkJoinPool.commonPool-worker-7" daemon [_thread_blocked, id=4056, stack(0x00007f7588dda000,0x00007f7588edb000)]
  0x00007f75780fa000 JavaThread "Java Debug Server" daemon [_thread_in_native, id=4108, stack(0x00007f75885d8000,0x00007f75886d9000)]
  0x00007f7590050800 JavaThread "pool-4-thread-1" [_thread_in_vm, id=4109, stack(0x00007f75884d7000,0x00007f75885d8000)]
  0x00007f758c024800 JavaThread "RxSchedulerPurge-1" daemon [_thread_blocked, id=4110, stack(0x00007f7588edb000,0x00007f7588fdc000)]
  0x00007f758c02c800 JavaThread "RxCachedWorkerPoolEvictor-1" daemon [_thread_blocked, id=4111, stack(0x00007f75883d6000,0x00007f75884d7000)]
  0x00007f758c0a6000 JavaThread "RxNewThreadScheduler-1" daemon [_thread_blocked, id=4112, stack(0x00007f75882d5000,0x00007f75883d6000)]
  0x00007f75a8003000 JavaThread "Packet Receive Manager" daemon [_thread_in_native, id=4155, stack(0x00007f7543577000,0x00007f7543678000)]
  0x00007f75a801c800 JavaThread "Packet Send Manager" daemon [_thread_blocked, id=4157, stack(0x00007f7543375000,0x00007f7543476000)]
  0x00007f75a01c9000 JavaThread "Event Hub" daemon [_thread_blocked, id=4159, stack(0x00007f7543274000,0x00007f7543375000)]
  0x00007f75640a3800 JavaThread "pool-6-thread-1" [_thread_in_vm, id=85372, stack(0x00007f758b6e7000,0x00007f758b7e8000)]
  0x00007f75b030c000 JavaThread "C2 CompilerThread1" daemon [_thread_blocked, id=85373, stack(0x00007f758a9e2000,0x00007f758aae3000)]

Other Threads:
  0x00007f75e8159800 VMThread "VM Thread" [stack: 0x00007f75c9afc000,0x00007f75c9bfc000] [id=3766]
  0x00007f75e81d7800 WatcherThread [stack: 0x00007f75c8414000,0x00007f75c8514000] [id=3827]
  0x00007f75e802d800 GCTaskThread "ParGC Thread#0" [stack: 0x00007f75ece19000,0x00007f75ecf19000] [id=3764]
  0x00007f75c4001000 GCTaskThread "ParGC Thread#1" [stack: 0x00007f758bcef000,0x00007f758bdef000] [id=3903]
  0x00007f75c4002800 GCTaskThread "ParGC Thread#2" [stack: 0x00007f758bbed000,0x00007f758bced000] [id=3904]
  0x00007f75c4004000 GCTaskThread "ParGC Thread#3" [stack: 0x00007f758baeb000,0x00007f758bbeb000] [id=3905]

Threads with active compile tasks:
C2 CompilerThread0156646656 8955   !   4       org.eclipse.osgi.internal.loader.BundleLoader::findClass (531 bytes)

VM state:not at safepoint (normal execution)

VM Mutex/Monitor currently owned by a thread:  ([mutex/lock_event])
[0x00007f75e8011ee0] CodeCache_lock - owner thread: 0x00007f75e8172000

Heap address: 0x00000000c0000000, size: 1024 MB, Compressed Oops mode: 32-bit
Narrow klass base: 0x0000000800000000, Narrow klass shift: 3
Compressed class space size: 1073741824 Address: 0x0000000840000000

Heap:
 PSYoungGen      total 22016K, used 16462K [0x00000000eab00000, 0x00000000ed480000, 0x0000000100000000)
  eden space 21504K, 75% used [0x00000000eab00000,0x00000000ebaf3888,0x00000000ec000000)
  from space 512K, 25% used [0x00000000ed400000,0x00000000ed420000,0x00000000ed480000)
  to   space 512K, 0% used [0x00000000ed380000,0x00000000ed380000,0x00000000ed400000)
 ParOldGen       total 114688K, used 90832K [0x00000000c0000000, 0x00000000c7000000, 0x00000000eab00000)
  object space 114688K, 79% used [0x00000000c0000000,0x00000000c58b40b8,0x00000000c7000000)
 Metaspace       used 54837K, capacity 57982K, committed 58072K, reserved 1101824K
  class space    used 5417K, capacity 6605K, committed 6616K, reserved 1048576K

Card table byte_map: [0x00007f75ed06f000,0x00007f75ed270000] _byte_map_base: 0x00007f75eca6f000

Marking Bits: (ParMarkBitMap*) 0x00007f75eeb8a7e0
 Begin Bits: [0x00007f75ca000000, 0x00007f75cb000000)
 End Bits:   [0x00007f75cb000000, 0x00007f75cc000000)

Polling page: 0x00007f75ef00a000

Metaspace:

Usage:
  Non-class:     50,17 MB capacity,    48,26 MB ( 96%) used,     1,78 MB (  4%) free+waste,   137,94 KB ( <1%) overhead. 
      Class:      6,45 MB capacity,     5,29 MB ( 82%) used,     1,10 MB ( 17%) free+waste,    65,44 KB ( <1%) overhead. 
       Both:     56,62 MB capacity,    53,55 MB ( 95%) used,     2,87 MB (  5%) free+waste,   203,38 KB ( <1%) overhead. 

Virtual space:
  Non-class space:       52,00 MB reserved,      50,25 MB ( 97%) committed 
      Class space:        1,00 GB reserved,       6,46 MB ( <1%) committed 
             Both:        1,05 GB reserved,      56,71 MB (  5%) committed 

Chunk freelists:
   Non-Class:  31,00 KB
       Class:  0 bytes
        Both:  31,00 KB

MaxMetaspaceSize: unlimited
CompressedClassSpaceSize: 1,00 GB

CodeHeap 'non-profiled nmethods': size=120032Kb used=5133Kb max_used=5138Kb free=114898Kb
 bounds [0x00007f75d8340000, 0x00007f75d8850000, 0x00007f75df878000]
CodeHeap 'profiled nmethods': size=120032Kb used=22137Kb max_used=22137Kb free=97894Kb
 bounds [0x00007f75d0e08000, 0x00007f75d23a8000, 0x00007f75d8340000]
CodeHeap 'non-nmethods': size=5696Kb used=1267Kb max_used=1320Kb free=4428Kb
 bounds [0x00007f75d0878000, 0x00007f75d0ae8000, 0x00007f75d0e08000]
 total_blobs=9340 nmethods=8663 adapters=588
 compilation: enabled
              stopped_count=0, restarted_count=0
 full_count=0

Compilation events (20 events):
Event: 156645,749 Thread 0x00007f75b030c000 nmethod 8939 0x00007f75d8833890 code [0x00007f75d8833a40, 0x00007f75d8833e78]
Event: 156645,749 Thread 0x00007f75b030c000 8968       4       java.io.OutputStream::write (34 bytes)
Event: 156645,751 Thread 0x00007f75e8170000 nmethod 8973 0x00007f75d2397710 code [0x00007f75d2397940, 0x00007f75d23980f0]
Event: 156645,753 Thread 0x00007f75e8170000 8974   !   3       java.lang.invoke.BootstrapMethodInvoker::invoke (688 bytes)
Event: 156645,760 Thread 0x00007f75b030c000 nmethod 8968 0x00007f75d8834110 code [0x00007f75d88342c0, 0x00007f75d8834918]
Event: 156645,760 Thread 0x00007f75b030c000 8980       4       java.io.StringWriter::write (10 bytes)
Event: 156645,774 Thread 0x00007f75b030c000 nmethod 8980 0x00007f75d8834c90 code [0x00007f75d8834e60, 0x00007f75d8835608]
Event: 156645,774 Thread 0x00007f75b030c000 8967   !   4       org.eclipse.core.internal.localstore.SafeFileOutputStream::write (20 bytes)
Event: 156645,780 Thread 0x00007f75b030c000 nmethod 8967 0x00007f75d8835a10 code [0x00007f75d8835bc0, 0x00007f75d8835ff8]
Event: 156645,782 Thread 0x00007f75e8170000 nmethod 8974 0x00007f75d2398610 code [0x00007f75d2398ec0, 0x00007f75d23a06c0]
Event: 156645,782 Thread 0x00007f75e8170000 8975       3       java.lang.invoke.MethodHandleNatives::staticArgumentsPulled (5 bytes)
Event: 156645,782 Thread 0x00007f75e8170000 nmethod 8975 0x00007f75d23a3690 code [0x00007f75d23a3840, 0x00007f75d23a3a30]
Event: 156645,782 Thread 0x00007f75e8170000 8976       3       java.lang.invoke.Invokers::checkExactType (17 bytes)
Event: 156645,782 Thread 0x00007f75e8170000 nmethod 8976 0x00007f75d23a3a90 code [0x00007f75d23a3c40, 0x00007f75d23a3e40]
Event: 156645,782 Thread 0x00007f75e8170000 8977       3       java.lang.invoke.MethodHandles$Lookup::lookupModes (8 bytes)
Event: 156645,782 Thread 0x00007f75e8170000 nmethod 8977 0x00007f75d23a3f10 code [0x00007f75d23a40c0, 0x00007f75d23a41d0]
Event: 156645,782 Thread 0x00007f75e8170000 8978       3       java.lang.invoke.ConstantCallSite::dynamicInvoker (5 bytes)
Event: 156645,783 Thread 0x00007f75e8170000 nmethod 8978 0x00007f75d23a4290 code [0x00007f75d23a4460, 0x00007f75d23a46e0]
Event: 156645,783 Thread 0x00007f75e8170000 8979       3       java.lang.invoke.Invokers::callSiteForm (306 bytes)
Event: 156645,785 Thread 0x00007f75e8170000 nmethod 8979 0x00007f75d23a4810 code [0x00007f75d23a4b20, 0x00007f75d23a5f20]

GC Heap History (20 events):
Event: 82884,040 GC heap before
{Heap before GC invocations=47 (full 4):
 PSYoungGen      total 22016K, used 21728K [0x00000000eab00000, 0x00000000ed480000, 0x0000000100000000)
  eden space 21504K, 100% used [0x00000000eab00000,0x00000000ec000000,0x00000000ec000000)
  from space 512K, 43% used [0x00000000ed400000,0x00000000ed438000,0x00000000ed480000)
  to   space 512K, 0% used [0x00000000ed380000,0x00000000ed380000,0x00000000ed400000)
 ParOldGen       total 114688K, used 90544K [0x00000000c0000000, 0x00000000c7000000, 0x00000000eab00000)
  object space 114688K, 78% used [0x00000000c0000000,0x00000000c586c0b8,0x00000000c7000000)
 Metaspace       used 54717K, capacity 57884K, committed 58072K, reserved 1101824K
  class space    used 5401K, capacity 6595K, committed 6616K, reserved 1048576K
}
Event: 82884,044 GC heap after
{Heap after GC invocations=47 (full 4):
 PSYoungGen      total 22016K, used 256K [0x00000000eab00000, 0x00000000ed480000, 0x0000000100000000)
  eden space 21504K, 0% used [0x00000000eab00000,0x00000000eab00000,0x00000000ec000000)
  from space 512K, 50% used [0x00000000ed380000,0x00000000ed3c0000,0x00000000ed400000)
  to   space 512K, 0% used [0x00000000ed400000,0x00000000ed400000,0x00000000ed480000)
 ParOldGen       total 114688K, used 90544K [0x00000000c0000000, 0x00000000c7000000, 0x00000000eab00000)
  object space 114688K, 78% used [0x00000000c0000000,0x00000000c586c0b8,0x00000000c7000000)
 Metaspace       used 54717K, capacity 57884K, committed 58072K, reserved 1101824K
  class space    used 5401K, capacity 6595K, committed 6616K, reserved 1048576K
}
Event: 90558,530 GC heap before
{Heap before GC invocations=48 (full 4):
 PSYoungGen      total 22016K, used 21754K [0x00000000eab00000, 0x00000000ed480000, 0x0000000100000000)
  eden space 21504K, 99% used [0x00000000eab00000,0x00000000ebffeaa8,0x00000000ec000000)
  from space 512K, 50% used [0x00000000ed380000,0x00000000ed3c0000,0x00000000ed400000)
  to   space 512K, 0% used [0x00000000ed400000,0x00000000ed400000,0x00000000ed480000)
 ParOldGen       total 114688K, used 90544K [0x00000000c0000000, 0x00000000c7000000, 0x00000000eab00000)
  object space 114688K, 78% used [0x00000000c0000000,0x00000000c586c0b8,0x00000000c7000000)
 Metaspace       used 54717K, capacity 57884K, committed 58072K, reserved 1101824K
  class space    used 5401K, capacity 6595K, committed 6616K, reserved 1048576K
}
Event: 90558,536 GC heap after
{Heap after GC invocations=48 (full 4):
 PSYoungGen      total 22016K, used 256K [0x00000000eab00000, 0x00000000ed480000, 0x0000000100000000)
  eden space 21504K, 0% used [0x00000000eab00000,0x00000000eab00000,0x00000000ec000000)
  from space 512K, 50% used [0x00000000ed400000,0x00000000ed440000,0x00000000ed480000)
  to   space 512K, 0% used [0x00000000ed380000,0x00000000ed380000,0x00000000ed400000)
 ParOldGen       total 114688K, used 90544K [0x00000000c0000000, 0x00000000c7000000, 0x00000000eab00000)
  object space 114688K, 78% used [0x00000000c0000000,0x00000000c586c0b8,0x00000000c7000000)
 Metaspace       used 54717K, capacity 57884K, committed 58072K, reserved 1101824K
  class space    used 5401K, capacity 6595K, committed 6616K, reserved 1048576K
}
Event: 97962,853 GC heap before
{Heap before GC invocations=49 (full 4):
 PSYoungGen      total 22016K, used 21760K [0x00000000eab00000, 0x00000000ed480000, 0x0000000100000000)
  eden space 21504K, 100% used [0x00000000eab00000,0x00000000ec000000,0x00000000ec000000)
  from space 512K, 50% used [0x00000000ed400000,0x00000000ed440000,0x00000000ed480000)
  to   space 512K, 0% used [0x00000000ed380000,0x00000000ed380000,0x00000000ed400000)
 ParOldGen       total 114688K, used 90544K [0x00000000c0000000, 0x00000000c7000000, 0x00000000eab00000)
  object space 114688K, 78% used [0x00000000c0000000,0x00000000c586c0b8,0x00000000c7000000)
 Metaspace       used 54724K, capacity 57884K, committed 58072K, reserved 1101824K
  class space    used 5401K, capacity 6595K, committed 6616K, reserved 1048576K
}
Event: 97962,855 GC heap after
{Heap after GC invocations=49 (full 4):
 PSYoungGen      total 22016K, used 192K [0x00000000eab00000, 0x00000000ed480000, 0x0000000100000000)
  eden space 21504K, 0% used [0x00000000eab00000,0x00000000eab00000,0x00000000ec000000)
  from space 512K, 37% used [0x00000000ed380000,0x00000000ed3b0000,0x00000000ed400000)
  to   space 512K, 0% used [0x00000000ed400000,0x00000000ed400000,0x00000000ed480000)
 ParOldGen       total 114688K, used 90544K [0x00000000c0000000, 0x00000000c7000000, 0x00000000eab00000)
  object space 114688K, 78% used [0x00000000c0000000,0x00000000c586c0b8,0x00000000c7000000)
 Metaspace       used 54724K, capacity 57884K, committed 58072K, reserved 1101824K
  class space    used 5401K, capacity 6595K, committed 6616K, reserved 1048576K
}
Event: 105667,342 GC heap before
{Heap before GC invocations=50 (full 4):
 PSYoungGen      total 22016K, used 21696K [0x00000000eab00000, 0x00000000ed480000, 0x0000000100000000)
  eden space 21504K, 100% used [0x00000000eab00000,0x00000000ec000000,0x00000000ec000000)
  from space 512K, 37% used [0x00000000ed380000,0x00000000ed3b0000,0x00000000ed400000)
  to   space 512K, 0% used [0x00000000ed400000,0x00000000ed400000,0x00000000ed480000)
 ParOldGen       total 114688K, used 90544K [0x00000000c0000000, 0x00000000c7000000, 0x00000000eab00000)
  object space 114688K, 78% used [0x00000000c0000000,0x00000000c586c0b8,0x00000000c7000000)
 Metaspace       used 54724K, capacity 57884K, committed 58072K, reserved 1101824K
  class space    used 5401K, capacity 6595K, committed 6616K, reserved 1048576K
}
Event: 105667,346 GC heap after
{Heap after GC invocations=50 (full 4):
 PSYoungGen      total 22016K, used 256K [0x00000000eab00000, 0x00000000ed480000, 0x0000000100000000)
  eden space 21504K, 0% used [0x00000000eab00000,0x00000000eab00000,0x00000000ec000000)
  from space 512K, 50% used [0x00000000ed400000,0x00000000ed440000,0x00000000ed480000)
  to   space 512K, 0% used [0x00000000ed380000,0x00000000ed380000,0x00000000ed400000)
 ParOldGen       total 114688K, used 90544K [0x00000000c0000000, 0x00000000c7000000, 0x00000000eab00000)
  object space 114688K, 78% used [0x00000000c0000000,0x00000000c586c0b8,0x00000000c7000000)
 Metaspace       used 54724K, capacity 57884K, committed 58072K, reserved 1101824K
  class space    used 5401K, capacity 6595K, committed 6616K, reserved 1048576K
}
Event: 113266,499 GC heap before
{Heap before GC invocations=51 (full 4):
 PSYoungGen      total 22016K, used 21760K [0x00000000eab00000, 0x00000000ed480000, 0x0000000100000000)
  eden space 21504K, 100% used [0x00000000eab00000,0x00000000ec000000,0x00000000ec000000)
  from space 512K, 50% used [0x00000000ed400000,0x00000000ed440000,0x00000000ed480000)
  to   space 512K, 0% used [0x00000000ed380000,0x00000000ed380000,0x00000000ed400000)
 ParOldGen       total 114688K, used 90544K [0x00000000c0000000, 0x00000000c7000000, 0x00000000eab00000)
  object space 114688K, 78% used [0x00000000c0000000,0x00000000c586c0b8,0x00000000c7000000)
 Metaspace       used 54724K, capacity 57884K, committed 58072K, reserved 1101824K
  class space    used 5401K, capacity 6595K, committed 6616K, reserved 1048576K
}
Event: 113266,502 GC heap after
{Heap after GC invocations=51 (full 4):
 PSYoungGen      total 22016K, used 160K [0x00000000eab00000, 0x00000000ed480000, 0x0000000100000000)
  eden space 21504K, 0% used [0x00000000eab00000,0x00000000eab00000,0x00000000ec000000)
  from space 512K, 31% used [0x00000000ed380000,0x00000000ed3a8000,0x00000000ed400000)
  to   space 512K, 0% used [0x00000000ed400000,0x00000000ed400000,0x00000000ed480000)
 ParOldGen       total 114688K, used 90680K [0x00000000c0000000, 0x00000000c7000000, 0x00000000eab00000)
  object space 114688K, 79% used [0x00000000c0000000,0x00000000c588e0b8,0x00000000c7000000)
 Metaspace       used 54724K, capacity 57884K, committed 58072K, reserved 1101824K
  class space    used 5401K, capacity 6595K, committed 6616K, reserved 1048576K
}
Event: 120910,741 GC heap before
{Heap before GC invocations=52 (full 4):
 PSYoungGen      total 22016K, used 21663K [0x00000000eab00000, 0x00000000ed480000, 0x0000000100000000)
  eden space 21504K, 99% used [0x00000000eab00000,0x00000000ebfffec8,0x00000000ec000000)
  from space 512K, 31% used [0x00000000ed380000,0x00000000ed3a8000,0x00000000ed400000)
  to   space 512K, 0% used [0x00000000ed400000,0x00000000ed400000,0x00000000ed480000)
 ParOldGen       total 114688K, used 90680K [0x00000000c0000000, 0x00000000c7000000, 0x00000000eab00000)
  object space 114688K, 79% used [0x00000000c0000000,0x00000000c588e0b8,0x00000000c7000000)
 Metaspace       used 54726K, capacity 57884K, committed 58072K, reserved 1101824K
  class space    used 5401K, capacity 6595K, committed 6616K, reserved 1048576K
}
Event: 120910,744 GC heap after
{Heap after GC invocations=52 (full 4):
 PSYoungGen      total 22016K, used 128K [0x00000000eab00000, 0x00000000ed480000, 0x0000000100000000)
  eden space 21504K, 0% used [0x00000000eab00000,0x00000000eab00000,0x00000000ec000000)
  from space 512K, 25% used [0x00000000ed400000,0x00000000ed420000,0x00000000ed480000)
  to   space 512K, 0% used [0x00000000ed380000,0x00000000ed380000,0x00000000ed400000)
 ParOldGen       total 114688K, used 90744K [0x00000000c0000000, 0x00000000c7000000, 0x00000000eab00000)
  object space 114688K, 79% used [0x00000000c0000000,0x00000000c589e0b8,0x00000000c7000000)
 Metaspace       used 54726K, capacity 57884K, committed 58072K, reserved 1101824K
  class space    used 5401K, capacity 6595K, committed 6616K, reserved 1048576K
}
Event: 128471,002 GC heap before
{Heap before GC invocations=53 (full 4):
 PSYoungGen      total 22016K, used 21632K [0x00000000eab00000, 0x00000000ed480000, 0x0000000100000000)
  eden space 21504K, 100% used [0x00000000eab00000,0x00000000ec000000,0x00000000ec000000)
  from space 512K, 25% used [0x00000000ed400000,0x00000000ed420000,0x00000000ed480000)
  to   space 512K, 0% used [0x00000000ed380000,0x00000000ed380000,0x00000000ed400000)
 ParOldGen       total 114688K, used 90744K [0x00000000c0000000, 0x00000000c7000000, 0x00000000eab00000)
  object space 114688K, 79% used [0x00000000c0000000,0x00000000c589e0b8,0x00000000c7000000)
 Metaspace       used 54727K, capacity 57884K, committed 58072K, reserved 1101824K
  class space    used 5401K, capacity 6595K, committed 6616K, reserved 1048576K
}
Event: 128471,006 GC heap after
{Heap after GC invocations=53 (full 4):
 PSYoungGen      total 22016K, used 128K [0x00000000eab00000, 0x00000000ed480000, 0x0000000100000000)
  eden space 21504K, 0% used [0x00000000eab00000,0x00000000eab00000,0x00000000ec000000)
  from space 512K, 25% used [0x00000000ed380000,0x00000000ed3a0000,0x00000000ed400000)
  to   space 512K, 0% used [0x00000000ed400000,0x00000000ed400000,0x00000000ed480000)
 ParOldGen       total 114688K, used 90768K [0x00000000c0000000, 0x00000000c7000000, 0x00000000eab00000)
  object space 114688K, 79% used [0x00000000c0000000,0x00000000c58a40b8,0x00000000c7000000)
 Metaspace       used 54727K, capacity 57884K, committed 58072K, reserved 1101824K
  class space    used 5401K, capacity 6595K, committed 6616K, reserved 1048576K
}
Event: 136078,499 GC heap before
{Heap before GC invocations=54 (full 4):
 PSYoungGen      total 22016K, used 21632K [0x00000000eab00000, 0x00000000ed480000, 0x0000000100000000)
  eden space 21504K, 100% used [0x00000000eab00000,0x00000000ec000000,0x00000000ec000000)
  from space 512K, 25% used [0x00000000ed380000,0x00000000ed3a0000,0x00000000ed400000)
  to   space 512K, 0% used [0x00000000ed400000,0x00000000ed400000,0x00000000ed480000)
 ParOldGen       total 114688K, used 90768K [0x00000000c0000000, 0x00000000c7000000, 0x00000000eab00000)
  object space 114688K, 79% used [0x00000000c0000000,0x00000000c58a40b8,0x00000000c7000000)
 Metaspace       used 54727K, capacity 57884K, committed 58072K, reserved 1101824K
  class space    used 5401K, capacity 6595K, committed 6616K, reserved 1048576K
}
Event: 136078,502 GC heap after
{Heap after GC invocations=54 (full 4):
 PSYoungGen      total 22016K, used 128K [0x00000000eab00000, 0x00000000ed480000, 0x0000000100000000)
  eden space 21504K, 0% used [0x00000000eab00000,0x00000000eab00000,0x00000000ec000000)
  from space 512K, 25% used [0x00000000ed400000,0x00000000ed420000,0x00000000ed480000)
  to   space 512K, 0% used [0x00000000ed380000,0x00000000ed380000,0x00000000ed400000)
 ParOldGen       total 114688K, used 90792K [0x00000000c0000000, 0x00000000c7000000, 0x00000000eab00000)
  object space 114688K, 79% used [0x00000000c0000000,0x00000000c58aa0b8,0x00000000c7000000)
 Metaspace       used 54727K, capacity 57884K, committed 58072K, reserved 1101824K
  class space    used 5401K, capacity 6595K, committed 6616K, reserved 1048576K
}
Event: 143728,499 GC heap before
{Heap before GC invocations=55 (full 4):
 PSYoungGen      total 22016K, used 21632K [0x00000000eab00000, 0x00000000ed480000, 0x0000000100000000)
  eden space 21504K, 100% used [0x00000000eab00000,0x00000000ec000000,0x00000000ec000000)
  from space 512K, 25% used [0x00000000ed400000,0x00000000ed420000,0x00000000ed480000)
  to   space 512K, 0% used [0x00000000ed380000,0x00000000ed380000,0x00000000ed400000)
 ParOldGen       total 114688K, used 90792K [0x00000000c0000000, 0x00000000c7000000, 0x00000000eab00000)
  object space 114688K, 79% used [0x00000000c0000000,0x00000000c58aa0b8,0x00000000c7000000)
 Metaspace       used 54727K, capacity 57884K, committed 58072K, reserved 1101824K
  class space    used 5401K, capacity 6595K, committed 6616K, reserved 1048576K
}
Event: 143728,502 GC heap after
{Heap after GC invocations=55 (full 4):
 PSYoungGen      total 22016K, used 128K [0x00000000eab00000, 0x00000000ed480000, 0x0000000100000000)
  eden space 21504K, 0% used [0x00000000eab00000,0x00000000eab00000,0x00000000ec000000)
  from space 512K, 25% used [0x00000000ed380000,0x00000000ed3a0000,0x00000000ed400000)
  to   space 512K, 0% used [0x00000000ed400000,0x00000000ed400000,0x00000000ed480000)
 ParOldGen       total 114688K, used 90808K [0x00000000c0000000, 0x00000000c7000000, 0x00000000eab00000)
  object space 114688K, 79% used [0x00000000c0000000,0x00000000c58ae0b8,0x00000000c7000000)
 Metaspace       used 54727K, capacity 57884K, committed 58072K, reserved 1101824K
  class space    used 5401K, capacity 6595K, committed 6616K, reserved 1048576K
}
Event: 151332,227 GC heap before
{Heap before GC invocations=56 (full 4):
 PSYoungGen      total 22016K, used 21632K [0x00000000eab00000, 0x00000000ed480000, 0x0000000100000000)
  eden space 21504K, 100% used [0x00000000eab00000,0x00000000ec000000,0x00000000ec000000)
  from space 512K, 25% used [0x00000000ed380000,0x00000000ed3a0000,0x00000000ed400000)
  to   space 512K, 0% used [0x00000000ed400000,0x00000000ed400000,0x00000000ed480000)
 ParOldGen       total 114688K, used 90808K [0x00000000c0000000, 0x00000000c7000000, 0x00000000eab00000)
  object space 114688K, 79% used [0x00000000c0000000,0x00000000c58ae0b8,0x00000000c7000000)
 Metaspace       used 54728K, capacity 57884K, committed 58072K, reserved 1101824K
  class space    used 5401K, capacity 6595K, committed 6616K, reserved 1048576K
}
Event: 151332,230 GC heap after
{Heap after GC invocations=56 (full 4):
 PSYoungGen      total 22016K, used 128K [0x00000000eab00000, 0x00000000ed480000, 0x0000000100000000)
  eden space 21504K, 0% used [0x00000000eab00000,0x00000000eab00000,0x00000000ec000000)
  from space 512K, 25% used [0x00000000ed400000,0x00000000ed420000,0x00000000ed480000)
  to   space 512K, 0% used [0x00000000ed380000,0x00000000ed380000,0x00000000ed400000)
 ParOldGen       total 114688K, used 90832K [0x00000000c0000000, 0x00000000c7000000, 0x00000000eab00000)
  object space 114688K, 79% used [0x00000000c0000000,0x00000000c58b40b8,0x00000000c7000000)
 Metaspace       used 54728K, capacity 57884K, committed 58072K, reserved 1101824K
  class space    used 5401K, capacity 6595K, committed 6616K, reserved 1048576K
}

Deoptimization events (20 events):
Event: 156645,687 Thread 0x00007f7568017000 Uncommon trap: trap_request=0xffffffde fr.pc=0x00007f75d859271c relative=0x00000000000005dc
Event: 156645,687 Thread 0x00007f7568017000 Uncommon trap: reason=class_check action=maybe_recompile pc=0x00007f75d859271c method=org.eclipse.jdt.internal.compiler.util.SimpleSet.includes(Ljava/lang/Object;)Z @ 7 c2
Event: 156645,687 Thread 0x00007f7568017000 DEOPT PACKING pc=0x00007f75d859271c sp=0x00007f7589fdc320
Event: 156645,687 Thread 0x00007f7568017000 DEOPT UNPACKING pc=0x00007f75d089cf1f sp=0x00007f7589fdc2e8 mode 2
Event: 156645,687 Thread 0x00007f7568017000 Uncommon trap: trap_request=0xffffffde fr.pc=0x00007f75d859271c relative=0x00000000000005dc
Event: 156645,687 Thread 0x00007f7568017000 Uncommon trap: reason=class_check action=maybe_recompile pc=0x00007f75d859271c method=org.eclipse.jdt.internal.compiler.util.SimpleSet.includes(Ljava/lang/Object;)Z @ 7 c2
Event: 156645,687 Thread 0x00007f7568017000 DEOPT PACKING pc=0x00007f75d859271c sp=0x00007f7589fdc320
Event: 156645,687 Thread 0x00007f7568017000 DEOPT UNPACKING pc=0x00007f75d089cf1f sp=0x00007f7589fdc2e8 mode 2
Event: 156645,717 Thread 0x00007f7568017000 Uncommon trap: trap_request=0xffffff4d fr.pc=0x00007f75d8400228 relative=0x0000000000000088
Event: 156645,717 Thread 0x00007f7568017000 Uncommon trap: reason=unstable_if action=reinterpret pc=0x00007f75d8400228 method=java.lang.ref.SoftReference.get()Ljava/lang/Object; @ 6 c2
Event: 156645,717 Thread 0x00007f7568017000 DEOPT PACKING pc=0x00007f75d8400228 sp=0x00007f7589fdbf10
Event: 156645,717 Thread 0x00007f7568017000 DEOPT UNPACKING pc=0x00007f75d089cf1f sp=0x00007f7589fdbec8 mode 2
Event: 156645,718 Thread 0x00007f7568017000 Uncommon trap: trap_request=0xffffffc6 fr.pc=0x00007f75d880dc70 relative=0x0000000000000810
Event: 156645,718 Thread 0x00007f7568017000 Uncommon trap: reason=bimorphic_or_optimized_type_check action=maybe_recompile pc=0x00007f75d880dc70 method=java.util.concurrent.ConcurrentHashMap.replaceNode(Ljava/lang/Object;Ljava/lang/Object;Ljava/lang/Object;)Ljava/lang/Object; @ 147 c2
Event: 156645,718 Thread 0x00007f7568017000 DEOPT PACKING pc=0x00007f75d880dc70 sp=0x00007f7589fdbe60
Event: 156645,718 Thread 0x00007f7568017000 DEOPT UNPACKING pc=0x00007f75d089cf1f sp=0x00007f7589fdbdc8 mode 2
Event: 156645,908 Thread 0x00007f7568017000 Uncommon trap: trap_request=0xffffffde fr.pc=0x00007f75d882c228 relative=0x0000000000000ee8
Event: 156645,908 Thread 0x00007f7568017000 Uncommon trap: reason=class_check action=maybe_recompile pc=0x00007f75d882c228 method=org.eclipse.core.internal.jobs.JobManager.nextJob()Lorg/eclipse/core/runtime/jobs/Job; @ 41 c2
Event: 156645,908 Thread 0x00007f7568017000 DEOPT PACKING pc=0x00007f75d882c228 sp=0x00007f7589fdc7b0
Event: 156645,908 Thread 0x00007f7568017000 DEOPT UNPACKING pc=0x00007f75d089cf1f sp=0x00007f7589fdc6e0 mode 2

Classes redefined (0 events):
No events

Internal exceptions (20 events):
Event: 24,538 Thread 0x00007f758c0a6000 Exception <a 'java/lang/NoSuchMethodError'{0x00000000ebc8ce48}: 'java.lang.Object java.lang.invoke.Invokers$Holder.linkToTargetMethod(long, java.lang.Object)'> (0x00000000ebc8ce48) thrown at [src/hotspot/share/interpreter/linkResolver.cpp, line 772]
Event: 24,564 Thread 0x00007f758c0a6000 Exception <a 'java/io/FileNotFoundException'{0x00000000ebd15838}> (0x00000000ebd15838) thrown at [src/hotspot/share/prims/jni.cpp, line 615]
Event: 24,566 Thread 0x00007f758c0a6000 Exception <a 'java/io/FileNotFoundException'{0x00000000ebd28ba0}> (0x00000000ebd28ba0) thrown at [src/hotspot/share/prims/jni.cpp, line 615]
Event: 24,577 Thread 0x00007f758c0a6000 Exception <a 'java/lang/NoSuchMethodError'{0x00000000ebd84b08}: 'java.lang.Object java.lang.invoke.DirectMethodHandle$Holder.invokeSpecial(java.lang.Object, java.lang.Object, java.lang.Object, java.lang.Object, java.lang.Object, java.lang.Object, java.lang.Object, java.lang.Object, java.lang.Object, java.lang.Object)'> (0x00000000ebd84b08) thrown at [src/hotspot/share/interpreter/linkResolver.cpp, line 772]
Event: 24,577 Thread 0x00007f758c0a6000 Exception <a 'java/lang/NoSuchMethodError'{0x00000000ebd88f18}: 'java.lang.Object java.lang.invoke.Invokers$Holder.linkToTargetMethod(java.lang.Object, java.lang.Object, java.lang.Object, java.lang.Object, java.lang.Object, java.lang.Object, java.lang.Object, java.lang.Object, java.lang.Object)'> (0x00000000ebd88f18) thrown at [src/hotspot/share/interpreter/linkResolver.cpp, line 772]
Event: 26,025 Thread 0x00007f758c0a7000 Exception <a 'java/lang/NoSuchMethodError'{0x00000000ebe2ed20}: 'void java.lang.invoke.DirectMethodHandle$Holder.invokeSpecial(java.lang.Object, java.lang.Object)'> (0x00000000ebe2ed20) thrown at [src/hotspot/share/interpreter/linkResolver.cpp, line 772]
Event: 26,045 Thread 0x00007f758c0a7000 Exception <a 'java/lang/NoSuchMethodError'{0x00000000ebe9bd38}: 'void java.lang.invoke.DirectMethodHandle$Holder.invokeSpecial(java.lang.Object, java.lang.Object, java.lang.Object, java.lang.Object, java.lang.Object)'> (0x00000000ebe9bd38) thrown at [src/hotspot/share/interpreter/linkResolver.cpp, line 772]
Event: 26,256 Thread 0x00007f758c0a6000 Exception <a 'java/lang/ArrayIndexOutOfBoundsException'{0x00000000eb9867a0}> (0x00000000eb9867a0) thrown at [src/hotspot/share/runtime/sharedRuntime.cpp, line 606]
Event: 26,256 Thread 0x00007f758c0a6000 Exception <a 'java/lang/IncompatibleClassChangeError'{0x00000000eb987918}: Found class java.lang.Object, but interface was expected> (0x00000000eb987918) thrown at [src/hotspot/share/interpreter/linkResolver.cpp, line 839]
Event: 26,363 Thread 0x00007f758c0a6000 Exception <a 'java/lang/NoSuchMethodError'{0x00000000eab3e378}: 'java.lang.Object java.lang.invoke.DirectMethodHandle$Holder.invokeSpecial(java.lang.Object, java.lang.Object, java.lang.Object, int, java.lang.Object)'> (0x00000000eab3e378) thrown at [src/hotspot/share/interpreter/linkResolver.cpp, line 772]
Event: 26,363 Thread 0x00007f758c0a6000 Exception <a 'java/lang/NoSuchMethodError'{0x00000000eab413e0}: 'java.lang.Object java.lang.invoke.Invokers$Holder.linkToTargetMethod(java.lang.Object, int, java.lang.Object, java.lang.Object)'> (0x00000000eab413e0) thrown at [src/hotspot/share/interpreter/linkResolver.cpp, line 772]
Event: 99,791 Thread 0x00007f75580d4800 Exception <a 'java/lang/ArrayIndexOutOfBoundsException'{0x00000000eae2c2f0}: Index 4440 out of bounds for length 4440> (0x00000000eae2c2f0) thrown at [src/hotspot/share/interpreter/interpreterRuntime.cpp, line 444]
Event: 99,807 Thread 0x00007f75580d4800 Exception <a 'java/lang/ArrayIndexOutOfBoundsException'{0x00000000eaef3af8}: Index 9 out of bounds for length 9> (0x00000000eaef3af8) thrown at [src/hotspot/share/interpreter/interpreterRuntime.cpp, line 444]
Event: 99,825 Thread 0x00007f75580d4800 Exception <a 'java/lang/ArrayIndexOutOfBoundsException'{0x00000000eafb7c58}: Index 4440 out of bounds for length 4440> (0x00000000eafb7c58) thrown at [src/hotspot/share/interpreter/interpreterRuntime.cpp, line 444]
Event: 99,833 Thread 0x00007f75580d4800 Exception <a 'java/lang/ArrayIndexOutOfBoundsException'{0x00000000eb07c1d8}: Index 9 out of bounds for length 9> (0x00000000eb07c1d8) thrown at [src/hotspot/share/interpreter/interpreterRuntime.cpp, line 444]
Event: 305,738 Thread 0x00007f7590520000 Implicit null exception at 0x00007f75d86a3788 to 0x00007f75d86a3a24
Event: 305,745 Thread 0x00007f7590520000 Exception <a 'java/lang/NoSuchMethodError'{0x00000000eb6313a0}: 'java.lang.Object java.lang.invoke.DirectMethodHandle$Holder.invokeSpecial(java.lang.Object, java.lang.Object, java.lang.Object, java.lang.Object, java.lang.Object, java.lang.Object, java.lang.Object, java.lang.Object, java.lang.Object)'> (0x00000000eb6313a0) thrown at [src/hotspot/share/interpreter/linkResolver.cpp, line 772]
Event: 305,745 Thread 0x00007f7590520000 Exception <a 'java/lang/NoSuchMethodError'{0x00000000eb634cd0}: 'java.lang.Object java.lang.invoke.Invokers$Holder.linkToTargetMethod(java.lang.Object, java.lang.Object, java.lang.Object, java.lang.Object, java.lang.Object, java.lang.Object, java.lang.Object, java.lang.Object)'> (0x00000000eb634cd0) thrown at [src/hotspot/share/interpreter/linkResolver.cpp, line 772]
Event: 156645,738 Thread 0x00007f7568017000 Exception <a 'java/lang/NoSuchMethodError'{0x00000000ebaaa590}: 'java.lang.Object java.lang.invoke.DirectMethodHandle$Holder.invokeSpecial(java.lang.Object, java.lang.Object, java.lang.Object, java.lang.Object, java.lang.Object, java.lang.Object, java.lang.Object, java.lang.Object, java.lang.Object, java.lang.Object, java.lang.Object)'> (0x00000000ebaaa590) thrown at [src/hotspot/share/interpreter/linkResolver.cpp, line 772]
Event: 156645,739 Thread 0x00007f7568017000 Exception <a 'java/lang/NoSuchMethodError'{0x00000000ebaaf550}: 'java.lang.Object java.lang.invoke.Invokers$Holder.linkToTargetMethod(java.lang.Object, java.lang.Object, java.lang.Object, java.lang.Object, java.lang.Object, java.lang.Object, java.lang.Object, java.lang.Object, java.lang.Object, java.lang.Object)'> (0x00000000ebaaf550) thrown at [src/hotspot/share/interpreter/linkResolver.cpp, line 772]

Events (20 events):
Event: 156645,730 loading class java/util/Collections$EmptyListIterator
Event: 156645,730 loading class java/util/Collections$EmptyListIterator done
Event: 156645,736 loading class org/eclipse/core/internal/watson/ElementTree
Event: 156645,736 loading class org/eclipse/core/internal/watson/ElementTree done
Event: 156645,736 loading class org/eclipse/core/internal/resources/MarkerManager
Event: 156645,736 loading class org/eclipse/core/internal/resources/MarkerManager done
Event: 156645,737 loading class org/eclipse/core/internal/watson/ElementTree
Event: 156645,737 loading class org/eclipse/core/internal/watson/ElementTree done
Event: 156645,737 loading class org/eclipse/core/internal/resources/SaveManager
Event: 156645,737 loading class org/eclipse/core/internal/resources/SaveManager done
Event: 156645,739 Executing VM operation: RevokeBias
Event: 156645,739 Executing VM operation: RevokeBias done
Event: 156645,741 Executing VM operation: RevokeBias
Event: 156645,741 Executing VM operation: RevokeBias done
Event: 156645,744 Executing VM operation: RevokeBias
Event: 156645,744 Executing VM operation: RevokeBias done
Event: 156645,754 Executing VM operation: RevokeBias
Event: 156645,754 Executing VM operation: RevokeBias done
Event: 156646,576 Thread 0x00007f75e8172000 flushing nmethod 0x00007f75d8409a10
Event: 156646,576 Thread 0x00007f75e8172000 flushing nmethod 0x00007f75d8461d10


Dynamic libraries:
c0000000-c7000000 rw-p 00000000 00:00 0 
c7000000-eab00000 ---p 00000000 00:00 0 
eab00000-ed480000 rw-p 00000000 00:00 0 
ed480000-100000000 ---p 00000000 00:00 0 
800000000-800002000 rwxp 00001000 08:02 6032263                          /usr/lib/jvm/java-11-openjdk-amd64/lib/server/classes.jsa
800002000-8003b9000 rw-p 00003000 08:02 6032263                          /usr/lib/jvm/java-11-openjdk-amd64/lib/server/classes.jsa
8003b9000-800a96000 r--p 003ba000 08:02 6032263                          /usr/lib/jvm/java-11-openjdk-amd64/lib/server/classes.jsa
800a96000-800a97000 rw-p 00a97000 08:02 6032263                          /usr/lib/jvm/java-11-openjdk-amd64/lib/server/classes.jsa
800a97000-8010a5000 r--p 00a98000 08:02 6032263                          /usr/lib/jvm/java-11-openjdk-amd64/lib/server/classes.jsa
840000000-840676000 rw-p 00000000 00:00 0 
840676000-880000000 ---p 00000000 00:00 0 
5648520c6000-5648520c7000 r--p 00000000 08:02 5909458                    /usr/lib/jvm/java-11-openjdk-amd64/bin/java
5648520c7000-5648520c8000 r-xp 00001000 08:02 5909458                    /usr/lib/jvm/java-11-openjdk-amd64/bin/java
5648520c8000-5648520c9000 r--p 00002000 08:02 5909458                    /usr/lib/jvm/java-11-openjdk-amd64/bin/java
5648520c9000-5648520ca000 r--p 00002000 08:02 5909458                    /usr/lib/jvm/java-11-openjdk-amd64/bin/java
5648520ca000-5648520cb000 rw-p 00003000 08:02 5909458                    /usr/lib/jvm/java-11-openjdk-amd64/bin/java
5648531d0000-564853254000 rw-p 00000000 00:00 0                          [heap]
7f753a6ec000-7f753a72c000 rw-p 00000000 00:00 0 
7f753a72c000-7f753a8ec000 ---p 00000000 00:00 0 
7f753a8ec000-7f7543074000 r--s 00000000 08:02 6031949                    /usr/lib/jvm/java-11-openjdk-amd64/lib/modules
7f7543074000-7f7543274000 rw-p 00000000 00:00 0 
7f7543274000-7f7543278000 ---p 00000000 00:00 0 
7f7543278000-7f7543375000 rw-p 00000000 00:00 0 
7f7543375000-7f7543379000 ---p 00000000 00:00 0 
7f7543379000-7f7543476000 rw-p 00000000 00:00 0 
7f7543476000-7f754347a000 ---p 00000000 00:00 0 
7f754347a000-7f7543577000 rw-p 00000000 00:00 0 
7f7543577000-7f754357b000 ---p 00000000 00:00 0 
7f754357b000-7f7543878000 rw-p 00000000 00:00 0 
7f7543878000-7f754c000000 r--s 00000000 08:02 6031949                    /usr/lib/jvm/java-11-openjdk-amd64/lib/modules
7f754c000000-7f754dfd8000 rw-p 00000000 00:00 0 
7f754dfd8000-7f7550000000 ---p 00000000 00:00 0 
7f7550000000-7f7550080000 rw-p 00000000 00:00 0 
7f7550080000-7f7554000000 ---p 00000000 00:00 0 
7f7554000000-7f7554021000 rw-p 00000000 00:00 0 
7f7554021000-7f7558000000 ---p 00000000 00:00 0 
7f7558000000-7f75580e1000 rw-p 00000000 00:00 0 
7f75580e1000-7f755c000000 ---p 00000000 00:00 0 
7f755c000000-7f755c3d7000 rw-p 00000000 00:00 0 
7f755c3d7000-7f7560000000 ---p 00000000 00:00 0 
7f7560000000-7f7560021000 rw-p 00000000 00:00 0 
7f7560021000-7f7564000000 ---p 00000000 00:00 0 
7f7564000000-7f756433a000 rw-p 00000000 00:00 0 
7f756433a000-7f7568000000 ---p 00000000 00:00 0 
7f7568000000-7f756828d000 rw-p 00000000 00:00 0 
7f756828d000-7f756c000000 ---p 00000000 00:00 0 
7f756c000000-7f756c021000 rw-p 00000000 00:00 0 
7f756c021000-7f7570000000 ---p 00000000 00:00 0 
7f7570000000-7f7570162000 rw-p 00000000 00:00 0 
7f7570162000-7f7574000000 ---p 00000000 00:00 0 
7f7574000000-7f7574021000 rw-p 00000000 00:00 0 
7f7574021000-7f7578000000 ---p 00000000 00:00 0 
7f7578000000-7f757a150000 rw-p 00000000 00:00 0 
7f757a150000-7f757c000000 ---p 00000000 00:00 0 
7f757c000000-7f757c021000 rw-p 00000000 00:00 0 
7f757c021000-7f7580000000 ---p 00000000 00:00 0 
7f7580000000-7f7580021000 rw-p 00000000 00:00 0 
7f7580021000-7f7584000000 ---p 00000000 00:00 0 
7f7584000000-7f75840a1000 rw-p 00000000 00:00 0 
7f75840a1000-7f7588000000 ---p 00000000 00:00 0 
7f75880d5000-7f75882d5000 rw-p 00000000 00:00 0 
7f75882d5000-7f75882d9000 ---p 00000000 00:00 0 
7f75882d9000-7f75883d6000 rw-p 00000000 00:00 0 
7f75883d6000-7f75883da000 ---p 00000000 00:00 0 
7f75883da000-7f75884d7000 rw-p 00000000 00:00 0 
7f75884d7000-7f75884db000 ---p 00000000 00:00 0 
7f75884db000-7f75885d8000 rw-p 00000000 00:00 0 
7f75885d8000-7f75885dc000 ---p 00000000 00:00 0 
7f75885dc000-7f75888d9000 rw-p 00000000 00:00 0 
7f75888d9000-7f7588ad9000 rw-p 00000000 00:00 0 
7f7588ad9000-7f7588cd9000 rw-p 00000000 00:00 0 
7f7588cd9000-7f7588cdd000 ---p 00000000 00:00 0 
7f7588cdd000-7f7588dda000 rw-p 00000000 00:00 0 
7f7588dda000-7f7588dde000 ---p 00000000 00:00 0 
7f7588dde000-7f7588edb000 rw-p 00000000 00:00 0 
7f7588edb000-7f7588edf000 ---p 00000000 00:00 0 
7f7588edf000-7f7588fdc000 rw-p 00000000 00:00 0 
7f7588fdc000-7f7588fe0000 ---p 00000000 00:00 0 
7f7588fe0000-7f75892dd000 rw-p 00000000 00:00 0 
7f75892dd000-7f75894dd000 rw-p 00000000 00:00 0 
7f75894dd000-7f75896dd000 rw-p 00000000 00:00 0 
7f75896dd000-7f75898dd000 rw-p 00000000 00:00 0 
7f75898dd000-7f7589add000 rw-p 00000000 00:00 0 
7f7589add000-7f7589cdd000 rw-p 00000000 00:00 0 
7f7589cdd000-7f7589edd000 rw-p 00000000 00:00 0 
7f7589edd000-7f7589ee1000 ---p 00000000 00:00 0 
7f7589ee1000-7f7589fde000 rw-p 00000000 00:00 0 
7f7589fde000-7f7589fe2000 ---p 00000000 00:00 0 
7f7589fe2000-7f758a0df000 rw-p 00000000 00:00 0 
7f758a0df000-7f758a0e3000 ---p 00000000 00:00 0 
7f758a0e3000-7f758a3e0000 rw-p 00000000 00:00 0 
7f758a3e0000-7f758a5e0000 rw-p 00000000 00:00 0 
7f758a5e0000-7f758a5e4000 ---p 00000000 00:00 0 
7f758a5e4000-7f758a8e1000 rw-p 00000000 00:00 0 
7f758a8e1000-7f758a8e5000 ---p 00000000 00:00 0 
7f758a8e5000-7f758a9e2000 rw-p 00000000 00:00 0 
7f758a9e2000-7f758a9e6000 ---p 00000000 00:00 0 
7f758a9e6000-7f758ace3000 rw-p 00000000 00:00 0 
7f758ace3000-7f758aee3000 rw-p 00000000 00:00 0 
7f758aee3000-7f758aee7000 ---p 00000000 00:00 0 
7f758aee7000-7f758afe4000 rw-p 00000000 00:00 0 
7f758afe4000-7f758afe8000 ---p 00000000 00:00 0 
7f758afe8000-7f758b2e5000 rw-p 00000000 00:00 0 
7f758b2e5000-7f758b2e9000 ---p 00000000 00:00 0 
7f758b2e9000-7f758b5e6000 rw-p 00000000 00:00 0 
7f758b5e6000-7f758b5ea000 ---p 00000000 00:00 0 
7f758b5ea000-7f758b6e7000 rw-p 00000000 00:00 0 
7f758b6e7000-7f758b6eb000 ---p 00000000 00:00 0 
7f758b6eb000-7f758b9e8000 rw-p 00000000 00:00 0 
7f758b9e8000-7f758b9ec000 ---p 00000000 00:00 0 
7f758b9ec000-7f758bae9000 rw-p 00000000 00:00 0 
7f758bae9000-7f758baea000 ---p 00000000 00:00 0 
7f758baea000-7f758bbeb000 rw-p 00000000 00:00 0 
7f758bbeb000-7f758bbec000 ---p 00000000 00:00 0 
7f758bbec000-7f758bced000 rw-p 00000000 00:00 0 
7f758bced000-7f758bcee000 ---p 00000000 00:00 0 
7f758bcee000-7f758bdef000 rw-p 00000000 00:00 0 
7f758bdef000-7f758bdff000 r-xp 00000000 08:02 10633154                   /home/ruddypazd/.config/Code/User/globalStorage/redhat.java/0.82.0/config_linux/org.eclipse.equinox.launcher/org.eclipse.equinox.launcher.gtk.linux.x86_64_1.2.300.v20210828-0802/eclipse_11506.so
7f758bdff000-7f758bffe000 ---p 00010000 08:02 10633154                   /home/ruddypazd/.config/Code/User/globalStorage/redhat.java/0.82.0/config_linux/org.eclipse.equinox.launcher/org.eclipse.equinox.launcher.gtk.linux.x86_64_1.2.300.v20210828-0802/eclipse_11506.so
7f758bffe000-7f758bfff000 r--p 0000f000 08:02 10633154                   /home/ruddypazd/.config/Code/User/globalStorage/redhat.java/0.82.0/config_linux/org.eclipse.equinox.launcher/org.eclipse.equinox.launcher.gtk.linux.x86_64_1.2.300.v20210828-0802/eclipse_11506.so
7f758bfff000-7f758c000000 rw-p 00010000 08:02 10633154                   /home/ruddypazd/.config/Code/User/globalStorage/redhat.java/0.82.0/config_linux/org.eclipse.equinox.launcher/org.eclipse.equinox.launcher.gtk.linux.x86_64_1.2.300.v20210828-0802/eclipse_11506.so
7f758c000000-7f758c0ab000 rw-p 00000000 00:00 0 
7f758c0ab000-7f7590000000 ---p 00000000 00:00 0 
7f7590000000-7f75908ba000 rw-p 00000000 00:00 0 
7f75908ba000-7f7594000000 ---p 00000000 00:00 0 
7f7594000000-7f7594021000 rw-p 00000000 00:00 0 
7f7594021000-7f7598000000 ---p 00000000 00:00 0 
7f7598000000-7f7598021000 rw-p 00000000 00:00 0 
7f7598021000-7f759c000000 ---p 00000000 00:00 0 
7f759c000000-7f759c021000 rw-p 00000000 00:00 0 
7f759c021000-7f75a0000000 ---p 00000000 00:00 0 
7f75a0000000-7f75a03dd000 rw-p 00000000 00:00 0 
7f75a03dd000-7f75a4000000 ---p 00000000 00:00 0 
7f75a4000000-7f75a6abf000 rw-p 00000000 00:00 0 
7f75a6abf000-7f75a8000000 ---p 00000000 00:00 0 
7f75a8000000-7f75a8059000 rw-p 00000000 00:00 0 
7f75a8059000-7f75ac000000 ---p 00000000 00:00 0 
7f75ac000000-7f75affff000 rw-p 00000000 00:00 0 
7f75affff000-7f75b0000000 ---p 00000000 00:00 0 
7f75b0000000-7f75b169b000 rw-p 00000000 00:00 0 
7f75b169b000-7f75b4000000 ---p 00000000 00:00 0 
7f75b4000000-7f75b4021000 rw-p 00000000 00:00 0 
7f75b4021000-7f75b8000000 ---p 00000000 00:00 0 
7f75b8000000-7f75b8021000 rw-p 00000000 00:00 0 
7f75b8021000-7f75bc000000 ---p 00000000 00:00 0 
7f75bc000000-7f75bc021000 rw-p 00000000 00:00 0 
7f75bc021000-7f75c0000000 ---p 00000000 00:00 0 
7f75c0000000-7f75c0021000 rw-p 00000000 00:00 0 
7f75c0021000-7f75c4000000 ---p 00000000 00:00 0 
7f75c4000000-7f75c4187000 rw-p 00000000 00:00 0 
7f75c4187000-7f75c8000000 ---p 00000000 00:00 0 
7f75c800e000-7f75c8012000 ---p 00000000 00:00 0 
7f75c8012000-7f75c810f000 rw-p 00000000 00:00 0 
7f75c810f000-7f75c8113000 ---p 00000000 00:00 0 
7f75c8113000-7f75c8210000 rw-p 00000000 00:00 0 
7f75c8210000-7f75c8214000 ---p 00000000 00:00 0 
7f75c8214000-7f75c8311000 rw-p 00000000 00:00 0 
7f75c8311000-7f75c8315000 ---p 00000000 00:00 0 
7f75c8315000-7f75c8412000 rw-p 00000000 00:00 0 
7f75c8412000-7f75c8413000 ---p 00000000 00:00 0 
7f75c8413000-7f75c8514000 rw-p 00000000 00:00 0 
7f75c8514000-7f75c8518000 ---p 00000000 00:00 0 
7f75c8518000-7f75c8615000 rw-p 00000000 00:00 0 
7f75c8615000-7f75c8619000 ---p 00000000 00:00 0 
7f75c8619000-7f75c8716000 rw-p 00000000 00:00 0 
7f75c8716000-7f75c871a000 ---p 00000000 00:00 0 
7f75c871a000-7f75c8817000 rw-p 00000000 00:00 0 
7f75c8817000-7f75c881b000 ---p 00000000 00:00 0 
7f75c881b000-7f75c8918000 rw-p 00000000 00:00 0 
7f75c8918000-7f75c891c000 ---p 00000000 00:00 0 
7f75c891c000-7f75c8a19000 rw-p 00000000 00:00 0 
7f75c8a19000-7f75c8a1d000 ---p 00000000 00:00 0 
7f75c8a1d000-7f75c8b1a000 rw-p 00000000 00:00 0 
7f75c8b1a000-7f75c98f8000 r--p 00000000 08:02 5904212                    /usr/lib/locale/locale-archive
7f75c98f8000-7f75c98fc000 ---p 00000000 00:00 0 
7f75c98fc000-7f75c99f9000 rw-p 00000000 00:00 0 
7f75c99f9000-7f75c99fd000 ---p 00000000 00:00 0 
7f75c99fd000-7f75c9afa000 rw-p 00000000 00:00 0 
7f75c9afa000-7f75c9afb000 ---p 00000000 00:00 0 
7f75c9afb000-7f75cc000000 rw-p 00000000 00:00 0 
7f75cc000000-7f75cc021000 rw-p 00000000 00:00 0 
7f75cc021000-7f75d0000000 ---p 00000000 00:00 0 
7f75d0003000-7f75d0007000 ---p 00000000 00:00 0 
7f75d0007000-7f75d0025000 rw-p 00000000 00:00 0 
7f75d0025000-7f75d002d000 r--p 00000000 08:02 6031945                    /usr/lib/jvm/java-11-openjdk-amd64/lib/libsunec.so
7f75d002d000-7f75d0046000 r-xp 00008000 08:02 6031945                    /usr/lib/jvm/java-11-openjdk-amd64/lib/libsunec.so
7f75d0046000-7f75d0050000 r--p 00021000 08:02 6031945                    /usr/lib/jvm/java-11-openjdk-amd64/lib/libsunec.so
7f75d0050000-7f75d0051000 ---p 0002b000 08:02 6031945                    /usr/lib/jvm/java-11-openjdk-amd64/lib/libsunec.so
7f75d0051000-7f75d0055000 r--p 0002b000 08:02 6031945                    /usr/lib/jvm/java-11-openjdk-amd64/lib/libsunec.so
7f75d0055000-7f75d0057000 rw-p 0002f000 08:02 6031945                    /usr/lib/jvm/java-11-openjdk-amd64/lib/libsunec.so
7f75d0057000-7f75d005b000 r--p 00000000 08:02 6031939                    /usr/lib/jvm/java-11-openjdk-amd64/lib/libnet.so
7f75d005b000-7f75d006a000 r-xp 00004000 08:02 6031939                    /usr/lib/jvm/java-11-openjdk-amd64/lib/libnet.so
7f75d006a000-7f75d006e000 r--p 00013000 08:02 6031939                    /usr/lib/jvm/java-11-openjdk-amd64/lib/libnet.so
7f75d006e000-7f75d006f000 r--p 00016000 08:02 6031939                    /usr/lib/jvm/java-11-openjdk-amd64/lib/libnet.so
7f75d006f000-7f75d0070000 rw-p 00017000 08:02 6031939                    /usr/lib/jvm/java-11-openjdk-amd64/lib/libnet.so
7f75d0070000-7f75d0878000 rw-p 00000000 00:00 0 
7f75d0878000-7f75d0ae8000 rwxp 00000000 00:00 0 
7f75d0ae8000-7f75d0e08000 ---p 00000000 00:00 0 
7f75d0e08000-7f75d23a8000 rwxp 00000000 00:00 0 
7f75d23a8000-7f75d8340000 ---p 00000000 00:00 0 
7f75d8340000-7f75d8850000 rwxp 00000000 00:00 0 
7f75d8850000-7f75df878000 ---p 00000000 00:00 0 
7f75df878000-7f75e8000000 r--s 00000000 08:02 6031949                    /usr/lib/jvm/java-11-openjdk-amd64/lib/modules
7f75e8000000-7f75e8461000 rw-p 00000000 00:00 0 
7f75e8461000-7f75ec000000 ---p 00000000 00:00 0 
7f75ec010000-7f75ec017000 r--p 00000000 08:02 6031940                    /usr/lib/jvm/java-11-openjdk-amd64/lib/libnio.so
7f75ec017000-7f75ec01f000 r-xp 00007000 08:02 6031940                    /usr/lib/jvm/java-11-openjdk-amd64/lib/libnio.so
7f75ec01f000-7f75ec022000 r--p 0000f000 08:02 6031940                    /usr/lib/jvm/java-11-openjdk-amd64/lib/libnio.so
7f75ec022000-7f75ec023000 r--p 00011000 08:02 6031940                    /usr/lib/jvm/java-11-openjdk-amd64/lib/libnio.so
7f75ec023000-7f75ec024000 rw-p 00012000 08:02 6031940                    /usr/lib/jvm/java-11-openjdk-amd64/lib/libnio.so
7f75ec024000-7f75ece17000 rw-p 00000000 00:00 0 
7f75ece17000-7f75ece18000 ---p 00000000 00:00 0 
7f75ece18000-7f75ecf51000 rw-p 00000000 00:00 0 
7f75ecf51000-7f75ed06f000 ---p 00000000 00:00 0 
7f75ed06f000-7f75ed0a7000 rw-p 00000000 00:00 0 
7f75ed0a7000-7f75ed1c4000 ---p 00000000 00:00 0 
7f75ed1c4000-7f75ed1da000 rw-p 00000000 00:00 0 
7f75ed1da000-7f75ed26f000 ---p 00000000 00:00 0 
7f75ed26f000-7f75ed27b000 rw-p 00000000 00:00 0 
7f75ed27b000-7f75ed35b000 ---p 00000000 00:00 0 
7f75ed35b000-7f75ed387000 rw-p 00000000 00:00 0 
7f75ed387000-7f75ed446000 ---p 00000000 00:00 0 
7f75ed446000-7f75ed44b000 rw-p 00000000 00:00 0 
7f75ed44b000-7f75ed452000 ---p 00000000 00:00 0 
7f75ed452000-7f75ed455000 r--p 00000000 08:02 5905605                    /usr/lib/x86_64-linux-gnu/libnss_files-2.31.so
7f75ed455000-7f75ed45c000 r-xp 00003000 08:02 5905605                    /usr/lib/x86_64-linux-gnu/libnss_files-2.31.so
7f75ed45c000-7f75ed45e000 r--p 0000a000 08:02 5905605                    /usr/lib/x86_64-linux-gnu/libnss_files-2.31.so
7f75ed45e000-7f75ed45f000 r--p 0000b000 08:02 5905605                    /usr/lib/x86_64-linux-gnu/libnss_files-2.31.so
7f75ed45f000-7f75ed460000 rw-p 0000c000 08:02 5905605                    /usr/lib/x86_64-linux-gnu/libnss_files-2.31.so
7f75ed460000-7f75ed466000 rw-p 00000000 00:00 0 
7f75ed46b000-7f75ed46c000 r--p 00000000 08:02 6031921                    /usr/lib/jvm/java-11-openjdk-amd64/lib/libextnet.so
7f75ed46c000-7f75ed46d000 r-xp 00001000 08:02 6031921                    /usr/lib/jvm/java-11-openjdk-amd64/lib/libextnet.so
7f75ed46d000-7f75ed46e000 r--p 00002000 08:02 6031921                    /usr/lib/jvm/java-11-openjdk-amd64/lib/libextnet.so
7f75ed46e000-7f75ed46f000 r--p 00002000 08:02 6031921                    /usr/lib/jvm/java-11-openjdk-amd64/lib/libextnet.so
7f75ed46f000-7f75ed470000 rw-p 00003000 08:02 6031921                    /usr/lib/jvm/java-11-openjdk-amd64/lib/libextnet.so
7f75ed470000-7f75ed472000 r--s 0000c000 08:02 6693012                    /usr/share/java/java-atk-wrapper.jar
7f75ed472000-7f75ed474000 r--p 00000000 08:02 6031948                    /usr/lib/jvm/java-11-openjdk-amd64/lib/libzip.so
7f75ed474000-7f75ed478000 r-xp 00002000 08:02 6031948                    /usr/lib/jvm/java-11-openjdk-amd64/lib/libzip.so
7f75ed478000-7f75ed47a000 r--p 00006000 08:02 6031948                    /usr/lib/jvm/java-11-openjdk-amd64/lib/libzip.so
7f75ed47a000-7f75ed47b000 r--p 00007000 08:02 6031948                    /usr/lib/jvm/java-11-openjdk-amd64/lib/libzip.so
7f75ed47b000-7f75ed47c000 rw-p 00008000 08:02 6031948                    /usr/lib/jvm/java-11-openjdk-amd64/lib/libzip.so
7f75ed47c000-7f75ed484000 rw-s 00000000 08:02 272532                     /tmp/hsperfdata_ruddypazd/3756
7f75ed484000-7f75ed492000 r--p 00000000 08:02 6031928                    /usr/lib/jvm/java-11-openjdk-amd64/lib/libjava.so
7f75ed492000-7f75ed4a8000 r-xp 0000e000 08:02 6031928                    /usr/lib/jvm/java-11-openjdk-amd64/lib/libjava.so
7f75ed4a8000-7f75ed4af000 r--p 00024000 08:02 6031928                    /usr/lib/jvm/java-11-openjdk-amd64/lib/libjava.so
7f75ed4af000-7f75ed4b0000 r--p 0002a000 08:02 6031928                    /usr/lib/jvm/java-11-openjdk-amd64/lib/libjava.so
7f75ed4b0000-7f75ed4b1000 rw-p 0002b000 08:02 6031928                    /usr/lib/jvm/java-11-openjdk-amd64/lib/libjava.so
7f75ed4b1000-7f75ed4b2000 rw-p 00000000 00:00 0 
7f75ed4b2000-7f75ed4b5000 r--p 00000000 08:02 5905807                    /usr/lib/x86_64-linux-gnu/librt-2.31.so
7f75ed4b5000-7f75ed4b9000 r-xp 00003000 08:02 5905807                    /usr/lib/x86_64-linux-gnu/librt-2.31.so
7f75ed4b9000-7f75ed4ba000 r--p 00007000 08:02 5905807                    /usr/lib/x86_64-linux-gnu/librt-2.31.so
7f75ed4ba000-7f75ed4bb000 ---p 00008000 08:02 5905807                    /usr/lib/x86_64-linux-gnu/librt-2.31.so
7f75ed4bb000-7f75ed4bc000 r--p 00008000 08:02 5905807                    /usr/lib/x86_64-linux-gnu/librt-2.31.so
7f75ed4bc000-7f75ed4bd000 rw-p 00009000 08:02 5905807                    /usr/lib/x86_64-linux-gnu/librt-2.31.so
7f75ed4bd000-7f75ed4c1000 ---p 00000000 00:00 0 
7f75ed4c1000-7f75ed5be000 rw-p 00000000 00:00 0 
7f75ed5be000-7f75ed5c1000 r--p 00000000 08:02 5898707                    /usr/lib/x86_64-linux-gnu/libgcc_s.so.1
7f75ed5c1000-7f75ed5d3000 r-xp 00003000 08:02 5898707                    /usr/lib/x86_64-linux-gnu/libgcc_s.so.1
7f75ed5d3000-7f75ed5d7000 r--p 00015000 08:02 5898707                    /usr/lib/x86_64-linux-gnu/libgcc_s.so.1
7f75ed5d7000-7f75ed5d8000 r--p 00018000 08:02 5898707                    /usr/lib/x86_64-linux-gnu/libgcc_s.so.1
7f75ed5d8000-7f75ed5d9000 rw-p 00019000 08:02 5898707                    /usr/lib/x86_64-linux-gnu/libgcc_s.so.1
7f75ed5d9000-7f75ed5e8000 r--p 00000000 08:02 5905484                    /usr/lib/x86_64-linux-gnu/libm-2.31.so
7f75ed5e8000-7f75ed68f000 r-xp 0000f000 08:02 5905484                    /usr/lib/x86_64-linux-gnu/libm-2.31.so
7f75ed68f000-7f75ed726000 r--p 000b6000 08:02 5905484                    /usr/lib/x86_64-linux-gnu/libm-2.31.so
7f75ed726000-7f75ed727000 r--p 0014c000 08:02 5905484                    /usr/lib/x86_64-linux-gnu/libm-2.31.so
7f75ed727000-7f75ed728000 rw-p 0014d000 08:02 5905484                    /usr/lib/x86_64-linux-gnu/libm-2.31.so
7f75ed728000-7f75ed7be000 r--p 00000000 08:02 5898708                    /usr/lib/x86_64-linux-gnu/libstdc++.so.6.0.28
7f75ed7be000-7f75ed8af000 r-xp 00096000 08:02 5898708                    /usr/lib/x86_64-linux-gnu/libstdc++.so.6.0.28
7f75ed8af000-7f75ed8f8000 r--p 00187000 08:02 5898708                    /usr/lib/x86_64-linux-gnu/libstdc++.so.6.0.28
7f75ed8f8000-7f75ed8f9000 ---p 001d0000 08:02 5898708                    /usr/lib/x86_64-linux-gnu/libstdc++.so.6.0.28
7f75ed8f9000-7f75ed904000 r--p 001d0000 08:02 5898708                    /usr/lib/x86_64-linux-gnu/libstdc++.so.6.0.28
7f75ed904000-7f75ed907000 rw-p 001db000 08:02 5898708                    /usr/lib/x86_64-linux-gnu/libstdc++.so.6.0.28
7f75ed907000-7f75ed90a000 rw-p 00000000 00:00 0 
7f75ed90a000-7f75edb84000 r--p 00000000 08:02 6031954                    /usr/lib/jvm/java-11-openjdk-amd64/lib/server/libjvm.so
7f75edb84000-7f75ee809000 r-xp 0027a000 08:02 6031954                    /usr/lib/jvm/java-11-openjdk-amd64/lib/server/libjvm.so
7f75ee809000-7f75eea60000 r--p 00eff000 08:02 6031954                    /usr/lib/jvm/java-11-openjdk-amd64/lib/server/libjvm.so
7f75eea60000-7f75eeb21000 r--p 01155000 08:02 6031954                    /usr/lib/jvm/java-11-openjdk-amd64/lib/server/libjvm.so
7f75eeb21000-7f75eeb5c000 rw-p 01216000 08:02 6031954                    /usr/lib/jvm/java-11-openjdk-amd64/lib/server/libjvm.so
7f75eeb5c000-7f75eebb6000 rw-p 00000000 00:00 0 
7f75eebb6000-7f75eebb8000 r--p 00000000 08:02 5906160                    /usr/lib/x86_64-linux-gnu/libz.so.1.2.11
7f75eebb8000-7f75eebc9000 r-xp 00002000 08:02 5906160                    /usr/lib/x86_64-linux-gnu/libz.so.1.2.11
7f75eebc9000-7f75eebcf000 r--p 00013000 08:02 5906160                    /usr/lib/x86_64-linux-gnu/libz.so.1.2.11
7f75eebcf000-7f75eebd0000 ---p 00019000 08:02 5906160                    /usr/lib/x86_64-linux-gnu/libz.so.1.2.11
7f75eebd0000-7f75eebd1000 r--p 00019000 08:02 5906160                    /usr/lib/x86_64-linux-gnu/libz.so.1.2.11
7f75eebd1000-7f75eebd2000 rw-p 0001a000 08:02 5906160                    /usr/lib/x86_64-linux-gnu/libz.so.1.2.11
7f75eebd2000-7f75eebd4000 rw-p 00000000 00:00 0 
7f75eebd4000-7f75eebdb000 r--p 00000000 08:02 5905746                    /usr/lib/x86_64-linux-gnu/libpthread-2.31.so
7f75eebdb000-7f75eebec000 r-xp 00007000 08:02 5905746                    /usr/lib/x86_64-linux-gnu/libpthread-2.31.so
7f75eebec000-7f75eebf1000 r--p 00018000 08:02 5905746                    /usr/lib/x86_64-linux-gnu/libpthread-2.31.so
7f75eebf1000-7f75eebf2000 r--p 0001c000 08:02 5905746                    /usr/lib/x86_64-linux-gnu/libpthread-2.31.so
7f75eebf2000-7f75eebf3000 rw-p 0001d000 08:02 5905746                    /usr/lib/x86_64-linux-gnu/libpthread-2.31.so
7f75eebf3000-7f75eebf7000 rw-p 00000000 00:00 0 
7f75eebf7000-7f75eebf8000 r--p 00000000 08:02 5904979                    /usr/lib/x86_64-linux-gnu/libdl-2.31.so
7f75eebf8000-7f75eebfa000 r-xp 00001000 08:02 5904979                    /usr/lib/x86_64-linux-gnu/libdl-2.31.so
7f75eebfa000-7f75eebfb000 r--p 00003000 08:02 5904979                    /usr/lib/x86_64-linux-gnu/libdl-2.31.so
7f75eebfb000-7f75eebfc000 r--p 00003000 08:02 5904979                    /usr/lib/x86_64-linux-gnu/libdl-2.31.so
7f75eebfc000-7f75eebfd000 rw-p 00004000 08:02 5904979                    /usr/lib/x86_64-linux-gnu/libdl-2.31.so
7f75eebfd000-7f75eec22000 r--p 00000000 08:02 5904844                    /usr/lib/x86_64-linux-gnu/libc-2.31.so
7f75eec22000-7f75eed9a000 r-xp 00025000 08:02 5904844                    /usr/lib/x86_64-linux-gnu/libc-2.31.so
7f75eed9a000-7f75eede4000 r--p 0019d000 08:02 5904844                    /usr/lib/x86_64-linux-gnu/libc-2.31.so
7f75eede4000-7f75eede5000 ---p 001e7000 08:02 5904844                    /usr/lib/x86_64-linux-gnu/libc-2.31.so
7f75eede5000-7f75eede8000 r--p 001e7000 08:02 5904844                    /usr/lib/x86_64-linux-gnu/libc-2.31.so
7f75eede8000-7f75eedeb000 rw-p 001ea000 08:02 5904844                    /usr/lib/x86_64-linux-gnu/libc-2.31.so
7f75eedeb000-7f75eedef000 rw-p 00000000 00:00 0 
7f75eedef000-7f75eedf2000 r--p 00000000 08:02 6031913                    /usr/lib/jvm/java-11-openjdk-amd64/lib/jli/libjli.so
7f75eedf2000-7f75eedfc000 r-xp 00003000 08:02 6031913                    /usr/lib/jvm/java-11-openjdk-amd64/lib/jli/libjli.so
7f75eedfc000-7f75eedff000 r--p 0000d000 08:02 6031913                    /usr/lib/jvm/java-11-openjdk-amd64/lib/jli/libjli.so
7f75eedff000-7f75eee00000 ---p 00010000 08:02 6031913                    /usr/lib/jvm/java-11-openjdk-amd64/lib/jli/libjli.so
7f75eee00000-7f75eee01000 r--p 00010000 08:02 6031913                    /usr/lib/jvm/java-11-openjdk-amd64/lib/jli/libjli.so
7f75eee01000-7f75eee02000 rw-p 00011000 08:02 6031913                    /usr/lib/jvm/java-11-openjdk-amd64/lib/jli/libjli.so
7f75eee02000-7f75eee08000 r-xp 00000000 08:02 5912975                    /usr/lib/x86_64-linux-gnu/libgtk3-nocsd.so.0
7f75eee08000-7f75ef007000 ---p 00006000 08:02 5912975                    /usr/lib/x86_64-linux-gnu/libgtk3-nocsd.so.0
7f75ef007000-7f75ef008000 r--p 00005000 08:02 5912975                    /usr/lib/x86_64-linux-gnu/libgtk3-nocsd.so.0
7f75ef008000-7f75ef009000 rw-p 00006000 08:02 5912975                    /usr/lib/x86_64-linux-gnu/libgtk3-nocsd.so.0
7f75ef00a000-7f75ef00b000 ---p 00000000 00:00 0 
7f75ef00b000-7f75ef00c000 r--p 00000000 00:00 0 
7f75ef00c000-7f75ef00e000 r--p 00000000 08:02 6031931                    /usr/lib/jvm/java-11-openjdk-amd64/lib/libjimage.so
7f75ef00e000-7f75ef011000 r-xp 00002000 08:02 6031931                    /usr/lib/jvm/java-11-openjdk-amd64/lib/libjimage.so
7f75ef011000-7f75ef012000 r--p 00005000 08:02 6031931                    /usr/lib/jvm/java-11-openjdk-amd64/lib/libjimage.so
7f75ef012000-7f75ef013000 ---p 00006000 08:02 6031931                    /usr/lib/jvm/java-11-openjdk-amd64/lib/libjimage.so
7f75ef013000-7f75ef014000 r--p 00006000 08:02 6031931                    /usr/lib/jvm/java-11-openjdk-amd64/lib/libjimage.so
7f75ef014000-7f75ef015000 rw-p 00007000 08:02 6031931                    /usr/lib/jvm/java-11-openjdk-amd64/lib/libjimage.so
7f75ef015000-7f75ef01a000 r--p 00000000 08:02 6031947                    /usr/lib/jvm/java-11-openjdk-amd64/lib/libverify.so
7f75ef01a000-7f75ef021000 r-xp 00005000 08:02 6031947                    /usr/lib/jvm/java-11-openjdk-amd64/lib/libverify.so
7f75ef021000-7f75ef023000 r--p 0000c000 08:02 6031947                    /usr/lib/jvm/java-11-openjdk-amd64/lib/libverify.so
7f75ef023000-7f75ef024000 ---p 0000e000 08:02 6031947                    /usr/lib/jvm/java-11-openjdk-amd64/lib/libverify.so
7f75ef024000-7f75ef026000 r--p 0000e000 08:02 6031947                    /usr/lib/jvm/java-11-openjdk-amd64/lib/libverify.so
7f75ef026000-7f75ef027000 rw-p 00010000 08:02 6031947                    /usr/lib/jvm/java-11-openjdk-amd64/lib/libverify.so
7f75ef027000-7f75ef029000 rw-p 00000000 00:00 0 
7f75ef029000-7f75ef02a000 r--p 00000000 08:02 5904630                    /usr/lib/x86_64-linux-gnu/ld-2.31.so
7f75ef02a000-7f75ef04d000 r-xp 00001000 08:02 5904630                    /usr/lib/x86_64-linux-gnu/ld-2.31.so
7f75ef04d000-7f75ef055000 r--p 00024000 08:02 5904630                    /usr/lib/x86_64-linux-gnu/ld-2.31.so
7f75ef056000-7f75ef057000 r--p 0002c000 08:02 5904630                    /usr/lib/x86_64-linux-gnu/ld-2.31.so
7f75ef057000-7f75ef058000 rw-p 0002d000 08:02 5904630                    /usr/lib/x86_64-linux-gnu/ld-2.31.so
7f75ef058000-7f75ef059000 rw-p 00000000 00:00 0 
7ffea12ae000-7ffea12d0000 rw-p 00000000 00:00 0                          [stack]
7ffea130c000-7ffea1310000 r--p 00000000 00:00 0                          [vvar]
7ffea1310000-7ffea1312000 r-xp 00000000 00:00 0                          [vdso]
ffffffffff600000-ffffffffff601000 --xp 00000000 00:00 0                  [vsyscall]


VM Arguments:
jvm_args: --add-modules=ALL-SYSTEM --add-opens=java.base/java.util=ALL-UNNAMED --add-opens=java.base/java.lang=ALL-UNNAMED -Declipse.application=org.eclipse.jdt.ls.core.id1 -Dosgi.bundles.defaultStartLevel=4 -Declipse.product=org.eclipse.jdt.ls.core.product -Dfile.encoding=utf8 -XX:+UseParallelGC -XX:GCTimeRatio=4 -XX:AdaptiveSizePolicyWeight=90 -Dsun.zip.disableMemoryMapping=true -Xmx1G -Xms100m -Xverify:none 
java_command: /home/ruddypazd/.vscode/extensions/redhat.java-0.82.0/server/plugins/org.eclipse.equinox.launcher_1.6.300.v20210813-1054.jar -configuration /home/ruddypazd/.config/Code/User/globalStorage/redhat.java/0.82.0/config_linux -data /home/ruddypazd/.config/Code/User/workspaceStorage/08cea043054e82d152905843561eee78/redhat.java/jdt_ws
java_class_path (initial): /home/ruddypazd/.vscode/extensions/redhat.java-0.82.0/server/plugins/org.eclipse.equinox.launcher_1.6.300.v20210813-1054.jar
Launcher Type: SUN_STANDARD

[Global flags]
    uintx AdaptiveSizePolicyWeight                 = 90                                        {product} {command line}
     bool BytecodeVerificationLocal                = false                                     {product} {command line}
     bool BytecodeVerificationRemote               = false                                     {product} {command line}
     intx CICompilerCount                          = 3                                         {product} {ergonomic}
    uintx GCTimeRatio                              = 4                                         {product} {command line}
   size_t InitialHeapSize                          = 104857600                                 {product} {command line}
   size_t MaxHeapSize                              = 1073741824                                {product} {command line}
   size_t MaxNewSize                               = 357564416                                 {product} {ergonomic}
   size_t MinHeapDeltaBytes                        = 524288                                    {product} {ergonomic}
   size_t NewSize                                  = 34603008                                  {product} {ergonomic}
    uintx NonNMethodCodeHeapSize                   = 5830732                                {pd product} {ergonomic}
    uintx NonProfiledCodeHeapSize                  = 122913754                              {pd product} {ergonomic}
   size_t OldSize                                  = 70254592                                  {product} {ergonomic}
    uintx ProfiledCodeHeapSize                     = 122913754                              {pd product} {ergonomic}
    uintx ReservedCodeCacheSize                    = 251658240                              {pd product} {ergonomic}
     bool SegmentedCodeCache                       = true                                      {product} {ergonomic}
     bool UseCompressedClassPointers               = true                                 {lp64_product} {ergonomic}
     bool UseCompressedOops                        = true                                 {lp64_product} {ergonomic}
     bool UseParallelGC                            = true                                      {product} {command line}

Logging:
Log output configuration:
 #0: stdout all=warning uptime,level,tags
 #1: stderr all=off uptime,level,tags

Environment Variables:
PATH=/usr/local/sbin:/usr/local/bin:/usr/sbin:/usr/bin:/sbin:/bin:/usr/games:/usr/local/games:/snap/bin
LD_PRELOAD=libgtk3-nocsd.so.0
SHELL=/bin/bash
DISPLAY=:0
LANG=en_US.UTF-8

Signal Handlers:
SIGSEGV: [libjvm.so+0xe8ba00], sa_mask[0]=11111111011111111101111111111110, sa_flags=SA_RESTART|SA_SIGINFO
SIGBUS: [libjvm.so+0xe8ba00], sa_mask[0]=11111111011111111101111111111110, sa_flags=SA_RESTART|SA_SIGINFO
SIGFPE: [libjvm.so+0xe8ba00], sa_mask[0]=11111111011111111101111111111110, sa_flags=SA_RESTART|SA_SIGINFO
SIGPIPE: [libjvm.so+0xbd10f0], sa_mask[0]=11111111011111111101111111111110, sa_flags=SA_RESTART|SA_SIGINFO
SIGXFSZ: [libjvm.so+0xbd10f0], sa_mask[0]=11111111011111111101111111111110, sa_flags=SA_RESTART|SA_SIGINFO
SIGILL: [libjvm.so+0xe8ba00], sa_mask[0]=11111111011111111101111111111110, sa_flags=SA_RESTART|SA_SIGINFO
SIGUSR2: [libjvm.so+0xbd0f90], sa_mask[0]=00000000000000000000000000000000, sa_flags=SA_RESTART|SA_SIGINFO
SIGHUP: [libjvm.so+0xbd1430], sa_mask[0]=11111111011111111101111111111110, sa_flags=SA_RESTART|SA_SIGINFO
SIGINT: [libjvm.so+0xbd1430], sa_mask[0]=11111111011111111101111111111110, sa_flags=SA_RESTART|SA_SIGINFO
SIGTERM: [libjvm.so+0xbd1430], sa_mask[0]=11111111011111111101111111111110, sa_flags=SA_RESTART|SA_SIGINFO
SIGQUIT: [libjvm.so+0xbd1430], sa_mask[0]=11111111011111111101111111111110, sa_flags=SA_RESTART|SA_SIGINFO


---------------  S Y S T E M  ---------------

OS:DISTRIB_ID=Ubuntu
DISTRIB_RELEASE=20.04
DISTRIB_CODENAME=focal
DISTRIB_DESCRIPTION="Ubuntu 20.04.3 LTS"
uname:Linux 5.11.0-36-generic #40~20.04.1-Ubuntu SMP Sat Sep 18 02:14:19 UTC 2021 x86_64
OS uptime: 1 days 19:31 hours
libc:glibc 2.31 NPTL 2.31 
rlimit (soft/hard): STACK 8192k/infinity , CORE 0k/infinity , NPROC 79323/79323 , NOFILE 1048576/1048576 , AS infinity/infinity , CPU infinity/infinity , DATA infinity/infinity , FSIZE infinity/infinity , MEMLOCK 65536k/65536k
load average:2,47 1,09 0,42

/proc/meminfo:
MemTotal:       20366080 kB
MemFree:         6753652 kB
MemAvailable:   13881228 kB
Buffers:          263440 kB
Cached:          7672196 kB
SwapCached:            0 kB
Active:          3287252 kB
Inactive:        8452696 kB
Active(anon):      50064 kB
Inactive(anon):  4899976 kB
Active(file):    3237188 kB
Inactive(file):  3552720 kB
Unevictable:      841316 kB
Mlocked:             112 kB
SwapTotal:       2097148 kB
SwapFree:        2097148 kB
Dirty:            233120 kB
Writeback:          7048 kB
AnonPages:       4643672 kB
Mapped:          1327764 kB
Shmem:           1153940 kB
KReclaimable:     704864 kB
Slab:             855080 kB
SReclaimable:     704864 kB
SUnreclaim:       150216 kB
KernelStack:       23648 kB
PageTables:        70304 kB
NFS_Unstable:          0 kB
Bounce:                0 kB
WritebackTmp:          0 kB
CommitLimit:    12280188 kB
Committed_AS:   18716028 kB
VmallocTotal:   34359738367 kB
VmallocUsed:       50412 kB
VmallocChunk:          0 kB
Percpu:             4880 kB
HardwareCorrupted:     0 kB
AnonHugePages:      2048 kB
ShmemHugePages:        0 kB
ShmemPmdMapped:        0 kB
FileHugePages:         0 kB
FilePmdMapped:         0 kB
HugePages_Total:       0
HugePages_Free:        0
HugePages_Rsvd:        0
HugePages_Surp:        0
Hugepagesize:       2048 kB
Hugetlb:               0 kB
DirectMap4k:      462708 kB
DirectMap2M:    11986944 kB
DirectMap1G:     8388608 kB

/sys/kernel/mm/transparent_hugepage/enabled:
always [madvise] never
/sys/kernel/mm/transparent_hugepage/defrag (defrag/compaction efforts parameter):
always defer defer+madvise [madvise] never

Process Memory:
Virtual Size: 5072664K (peak: 12137236K)
Resident Set Size: 433104K (peak: 458736K) (anon: 388384K, file: 44720K, shmem: 0K)
Swapped out: 0K
C-Heap outstanding allocations: 53076K

/proc/sys/kernel/threads-max (system-wide limit on the number of threads):
158646
/proc/sys/vm/max_map_count (maximum number of memory map areas a process may have):
65530
/proc/sys/kernel/pid_max (system-wide limit on number of process identifiers):
4194304

container (cgroup) information:
container_type: cgroupv1
cpu_cpuset_cpus: 0-3
cpu_memory_nodes: 0
active_processor_count: 4
cpu_quota: -1
cpu_period: 100000
cpu_shares: -1
memory_limit_in_bytes: -1
memory_and_swap_limit_in_bytes: -1
memory_soft_limit_in_bytes: -1
memory_usage_in_bytes: 4694245376
memory_max_usage_in_bytes: 7230709760

Steal ticks since vm start: 0
Steal ticks percentage since vm start:  0,000

CPU:total 4 (initial active 4) (2 cores per cpu, 2 threads per core) family 6 model 158 stepping 9 microcode 0xea, cmov, cx8, fxsr, mmx, sse, sse2, sse3, ssse3, sse4.1, sse4.2, popcnt, aes, clmul, erms, 3dnowpref, lzcnt, ht, tsc, tscinvbit
CPU Model and flags from /proc/cpuinfo:
model name	: Intel(R) Pentium(R) CPU G4560 @ 3.50GHz
flags		: fpu vme de pse tsc msr pae mce cx8 apic sep mtrr pge mca cmov pat pse36 clflush dts acpi mmx fxsr sse sse2 ss ht tm pbe syscall nx pdpe1gb rdtscp lm constant_tsc art arch_perfmon pebs bts rep_good nopl xtopology nonstop_tsc cpuid aperfmperf pni pclmulqdq dtes64 monitor ds_cpl est tm2 ssse3 sdbg cx16 xtpr pdcm pcid sse4_1 sse4_2 x2apic movbe popcnt tsc_deadline_timer aes xsave rdrand lahf_lm abm 3dnowprefetch cpuid_fault invpcid_single pti ssbd ibrs ibpb stibp fsgsbase tsc_adjust smep erms invpcid mpx rdseed smap clflushopt intel_pt xsaveopt xsavec xgetbv1 xsaves dtherm arat pln pts hwp hwp_notify hwp_act_window hwp_epp md_clear flush_l1d
Online cpus:
0-3
Offline cpus:

BIOS frequency limitation:
<Not Available>
Frequency switch latency (ns):
0
Available cpu frequencies:
<Not Available>
Current governor:
powersave
Core performance/turbo boost:
<Not Available>

Memory: 4k page, physical 20366080k(6753400k free), swap 2097148k(2097148k free)

vm_info: OpenJDK 64-Bit Server VM (11.0.11+9-Ubuntu-0ubuntu2.20.04) for linux-amd64 JRE (11.0.11+9-Ubuntu-0ubuntu2.20.04), built on Apr 21 2021 09:15:32 by "unknown" with gcc 9.3.0

END.
